Removed Pin From Net: NetName=GND Pin=C17_Buck1-1
Removed Pin From Net: NetName=GND Pin=C17_Buck2-1
Removed Pin From Net: NetName=GND Pin=C17_Buck3-1
Removed Pin From Net: NetName=GND Pin=C17_Buck4-1
Removed Pin From Net: NetName=GND Pin=C17_Buck5-1
Removed Pin From Net: NetName=GND Pin=C17_Buck6-1
Removed Pin From Net: NetName=GND Pin=C17_Buck7-1
Removed Pin From Net: NetName=GND Pin=C17_Buck8-1
Removed Pin From Net: NetName=GND Pin=C18_Buck1-1
Removed Pin From Net: NetName=GND Pin=C18_Buck2-1
Removed Pin From Net: NetName=GND Pin=C18_Buck3-1
Removed Pin From Net: NetName=GND Pin=C18_Buck4-1
Removed Pin From Net: NetName=GND Pin=C18_Buck5-1
Removed Pin From Net: NetName=GND Pin=C18_Buck6-1
Removed Pin From Net: NetName=GND Pin=C18_Buck7-1
Removed Pin From Net: NetName=GND Pin=C18_Buck8-1
Removed Pin From Net: NetName=V_COB_1 Pin=C19_Buck1-1
Removed Pin From Net: NetName=G_COB_1 Pin=C19_Buck1-2
Removed Pin From Net: NetName=V_COB_2 Pin=C19_Buck2-1
Removed Pin From Net: NetName=G_COB_2 Pin=C19_Buck2-2
Removed Pin From Net: NetName=V_COB_3 Pin=C19_Buck3-1
Removed Pin From Net: NetName=G_COB_3 Pin=C19_Buck3-2
Removed Pin From Net: NetName=V_COB_4 Pin=C19_Buck4-1
Removed Pin From Net: NetName=G_COB_4 Pin=C19_Buck4-2
Removed Pin From Net: NetName=V_COB_5 Pin=C19_Buck5-1
Removed Pin From Net: NetName=V_COB_6 Pin=C19_Buck6-1
Removed Pin From Net: NetName=V_COB_7 Pin=C19_Buck7-1
Removed Pin From Net: NetName=V_COB_8 Pin=C19_Buck8-1
Removed Pin From Net: NetName=GND Pin=C20_Buck1-1
Removed Pin From Net: NetName=GND Pin=C20_Buck2-1
Removed Pin From Net: NetName=GND Pin=C20_Buck3-1
Removed Pin From Net: NetName=GND Pin=C20_Buck4-1
Removed Pin From Net: NetName=GND Pin=C20_Buck5-1
Removed Pin From Net: NetName=GND Pin=C20_Buck6-1
Removed Pin From Net: NetName=GND Pin=C20_Buck7-1
Removed Pin From Net: NetName=GND Pin=C20_Buck8-1
Removed Pin From Net: NetName=GND Pin=C21_Buck1-1
Removed Pin From Net: NetName=V_COB_1 Pin=C21_Buck1-2
Removed Pin From Net: NetName=GND Pin=C21_Buck2-1
Removed Pin From Net: NetName=V_COB_2 Pin=C21_Buck2-2
Removed Pin From Net: NetName=GND Pin=C21_Buck3-1
Removed Pin From Net: NetName=V_COB_3 Pin=C21_Buck3-2
Removed Pin From Net: NetName=GND Pin=C21_Buck4-1
Removed Pin From Net: NetName=V_COB_4 Pin=C21_Buck4-2
Removed Pin From Net: NetName=GND Pin=C21_Buck5-1
Removed Pin From Net: NetName=V_COB_5 Pin=C21_Buck5-2
Removed Pin From Net: NetName=GND Pin=C21_Buck6-1
Removed Pin From Net: NetName=V_COB_6 Pin=C21_Buck6-2
Removed Pin From Net: NetName=GND Pin=C21_Buck7-1
Removed Pin From Net: NetName=V_COB_7 Pin=C21_Buck7-2
Removed Pin From Net: NetName=GND Pin=C21_Buck8-1
Removed Pin From Net: NetName=V_COB_8 Pin=C21_Buck8-2
Removed Pin From Net: NetName=V_COB_1 Pin=D2_Buck1-1
Removed Pin From Net: NetName=V_COB_2 Pin=D2_Buck2-1
Removed Pin From Net: NetName=V_COB_3 Pin=D2_Buck3-1
Removed Pin From Net: NetName=V_COB_4 Pin=D2_Buck4-1
Removed Pin From Net: NetName=V_COB_5 Pin=D2_Buck5-1
Removed Pin From Net: NetName=V_COB_6 Pin=D2_Buck6-1
Removed Pin From Net: NetName=V_COB_7 Pin=D2_Buck7-1
Removed Pin From Net: NetName=V_COB_8 Pin=D2_Buck8-1
Removed Pin From Net: NetName=G_COB_1 Pin=L1_Buck1-1
Removed Pin From Net: NetName=G_COB_2 Pin=L1_Buck2-1
Removed Pin From Net: NetName=G_COB_3 Pin=L1_Buck3-1
Removed Pin From Net: NetName=G_COB_4 Pin=L1_Buck4-1
Removed Pin From Net: NetName=GND Pin=R18_Buck1-1
Removed Pin From Net: NetName=GND Pin=R18_Buck2-1
Removed Pin From Net: NetName=GND Pin=R18_Buck3-1
Removed Pin From Net: NetName=GND Pin=R18_Buck4-1
Removed Pin From Net: NetName=GND Pin=R18_Buck5-1
Removed Pin From Net: NetName=GND Pin=R18_Buck6-1
Removed Pin From Net: NetName=GND Pin=R18_Buck7-1
Removed Pin From Net: NetName=GND Pin=R18_Buck8-1
Removed Pin From Net: NetName=GND Pin=R22_Buck1-1
Removed Pin From Net: NetName=GND Pin=R22_Buck2-1
Removed Pin From Net: NetName=GND Pin=R22_Buck3-1
Removed Pin From Net: NetName=GND Pin=R22_Buck4-1
Removed Pin From Net: NetName=GND Pin=R22_Buck5-1
Removed Pin From Net: NetName=GND Pin=R22_Buck6-1
Removed Pin From Net: NetName=GND Pin=R22_Buck7-1
Removed Pin From Net: NetName=GND Pin=R22_Buck8-1
Removed Pin From Net: NetName=DAC_1 Pin=R23_Buck1-1
Removed Pin From Net: NetName=DAC_2 Pin=R23_Buck2-1
Removed Pin From Net: NetName=DAC_3 Pin=R23_Buck3-1
Removed Pin From Net: NetName=DAC_4 Pin=R23_Buck4-1
Removed Pin From Net: NetName=DAC_5 Pin=R23_Buck5-1
Removed Pin From Net: NetName=DAC_6 Pin=R23_Buck6-1
Removed Pin From Net: NetName=DAC_7 Pin=R23_Buck7-1
Removed Pin From Net: NetName=DAC_8 Pin=R23_Buck8-1
Removed Pin From Net: NetName=GND Pin=U7_Buck1-2
Removed Pin From Net: NetName=GND Pin=U7_Buck1-5
Removed Pin From Net: NetName=V_COB_1 Pin=U7_Buck1-7
Removed Pin From Net: NetName=GND Pin=U7_Buck2-2
Removed Pin From Net: NetName=GND Pin=U7_Buck2-5
Removed Pin From Net: NetName=V_COB_2 Pin=U7_Buck2-7
Removed Pin From Net: NetName=GND Pin=U7_Buck3-2
Removed Pin From Net: NetName=GND Pin=U7_Buck3-5
Removed Pin From Net: NetName=V_COB_3 Pin=U7_Buck3-7
Removed Pin From Net: NetName=GND Pin=U7_Buck4-2
Removed Pin From Net: NetName=GND Pin=U7_Buck4-5
Removed Pin From Net: NetName=V_COB_4 Pin=U7_Buck4-7
Removed Pin From Net: NetName=GND Pin=U7_Buck5-2
Removed Pin From Net: NetName=GND Pin=U7_Buck5-5
Removed Pin From Net: NetName=V_COB_5 Pin=U7_Buck5-7
Removed Pin From Net: NetName=GND Pin=U7_Buck6-2
Removed Pin From Net: NetName=GND Pin=U7_Buck6-5
Removed Pin From Net: NetName=V_COB_6 Pin=U7_Buck6-7
Removed Pin From Net: NetName=GND Pin=U7_Buck7-2
Removed Pin From Net: NetName=GND Pin=U7_Buck7-5
Removed Pin From Net: NetName=V_COB_7 Pin=U7_Buck7-7
Removed Pin From Net: NetName=GND Pin=U7_Buck8-2
Removed Pin From Net: NetName=GND Pin=U7_Buck8-5
Removed Pin From Net: NetName=V_COB_8 Pin=U7_Buck8-7
Added Component: Designator=C17(CAPC2012X94N)
Add component (AddParameter): Name = "Check_prices"; Value = "https://www.snapeda.com/parts/08055C104KAT2A/AVX/view-part/?ref=eda"; VariantName = "[No Variations]"
Add component (AddParameter): Name = "MF"; Value = "AVX"; VariantName = "[No Variations]"
Add component (AddParameter): Name = "MP"; Value = "08055C104KAT2A"; VariantName = "[No Variations]"
Add component (AddParameter): Name = "Package"; Value = "2012 AVX"; VariantName = "[No Variations]"
Add component (AddParameter): Name = "SnapEDA_Link"; Value = "https://www.snapeda.com/parts/08055C104KAT2A/AVX/view-part/?ref=snap"; VariantName = "[No Variations]"
Add component (AddParameter): Name = "Value"; Value = ""; VariantName = "[No Variations]"
Added Component: Designator=C18(CAPC2012X94N)
Add component (AddParameter): Name = "Check_prices"; Value = "https://www.snapeda.com/parts/08055C104KAT2A/AVX/view-part/?ref=eda"; VariantName = "[No Variations]"
Add component (AddParameter): Name = "MF"; Value = "AVX"; VariantName = "[No Variations]"
Add component (AddParameter): Name = "MP"; Value = "08055C104KAT2A"; VariantName = "[No Variations]"
Add component (AddParameter): Name = "Package"; Value = "2012 AVX"; VariantName = "[No Variations]"
Add component (AddParameter): Name = "SnapEDA_Link"; Value = "https://www.snapeda.com/parts/08055C104KAT2A/AVX/view-part/?ref=snap"; VariantName = "[No Variations]"
Add component (AddParameter): Name = "Value"; Value = ""; VariantName = "[No Variations]"
Added Component: Designator=C19(FP-C3216-160-0_2-IPC_B)
Add component (AddParameter): Name = "Capacitance"; Value = "22uF"; VariantName = "[No Variations]"
Add component (AddParameter): Name = "Case Code (Imperial)"; Value = "1206"; VariantName = "[No Variations]"
Add component (AddParameter): Name = "Case Code (Metric)"; Value = "3216"; VariantName = "[No Variations]"
Add component (AddParameter): Name = "Case/Package"; Value = "1206"; VariantName = "[No Variations]"
Add component (AddParameter): Name = "Construction"; Value = "Flat"; VariantName = "[No Variations]"
Add component (AddParameter): Name = "Depth"; Value = "1.6mm"; VariantName = "[No Variations]"
Add component (AddParameter): Name = "Dielectric"; Value = "X5R"; VariantName = "[No Variations]"
Add component (AddParameter): Name = "Dielectric Material"; Value = "Ceramic"; VariantName = "[No Variations]"
Add component (AddParameter): Name = "Height"; Value = "1.6mm"; VariantName = "[No Variations]"
Add component (AddParameter): Name = "Lead Free"; Value = "Lead Free"; VariantName = "[No Variations]"
Add component (AddParameter): Name = "Length"; Value = "3.2mm"; VariantName = "[No Variations]"
Add component (AddParameter): Name = "Max Operating Temperature"; Value = "85°C"; VariantName = "[No Variations]"
Add component (AddParameter): Name = "Min Operating Temperature"; Value = "-55°C"; VariantName = "[No Variations]"
Add component (AddParameter): Name = "Mount"; Value = "Surface Mount"; VariantName = "[No Variations]"
Add component (AddParameter): Name = "Package Quantity"; Value = "2000"; VariantName = "[No Variations]"
Add component (AddParameter): Name = "Packaging"; Value = "Tape and Reel"; VariantName = "[No Variations]"
Add component (AddParameter): Name = "Radiation Hardening"; Value = "No"; VariantName = "[No Variations]"
Add component (AddParameter): Name = "REACH SVHC"; Value = "No SVHC"; VariantName = "[No Variations]"
Add component (AddParameter): Name = "Resistor Type"; Value = "Ceramic"; VariantName = "[No Variations]"
Add component (AddParameter): Name = "RoHS Compliant"; Value = "Yes"; VariantName = "[No Variations]"
Add component (AddParameter): Name = "Series"; Value = "C"; VariantName = "[No Variations]"
Add component (AddParameter): Name = "Termination"; Value = "SMD/SMT"; VariantName = "[No Variations]"
Add component (AddParameter): Name = "Thickness"; Value = "1.6mm"; VariantName = "[No Variations]"
Add component (AddParameter): Name = "Tolerance"; Value = "20%"; VariantName = "[No Variations]"
Add component (AddParameter): Name = "Voltage"; Value = "35V"; VariantName = "[No Variations]"
Add component (AddParameter): Name = "Voltage Rating"; Value = "35V"; VariantName = "[No Variations]"
Add component (AddParameter): Name = "Voltage Rating (DC)"; Value = "35V"; VariantName = "[No Variations]"
Add component (AddParameter): Name = "Weight"; Value = "0.000571oz"; VariantName = "[No Variations]"
Add component (AddParameter): Name = "Width"; Value = "0.063inch"; VariantName = "[No Variations]"
Added Component: Designator=C20(CAPC2012X94N)
Add component (AddParameter): Name = "Check_prices"; Value = "https://www.snapeda.com/parts/08055C104KAT2A/AVX/view-part/?ref=eda"; VariantName = "[No Variations]"
Add component (AddParameter): Name = "MF"; Value = "AVX"; VariantName = "[No Variations]"
Add component (AddParameter): Name = "MP"; Value = "08055C104KAT2A"; VariantName = "[No Variations]"
Add component (AddParameter): Name = "Package"; Value = "2012 AVX"; VariantName = "[No Variations]"
Add component (AddParameter): Name = "SnapEDA_Link"; Value = "https://www.snapeda.com/parts/08055C104KAT2A/AVX/view-part/?ref=snap"; VariantName = "[No Variations]"
Add component (AddParameter): Name = "Value"; Value = ""; VariantName = "[No Variations]"
Added Component: Designator=C21(CAPC2012X94N)
Add component (AddParameter): Name = "Check_prices"; Value = "https://www.snapeda.com/parts/08055C104KAT2A/AVX/view-part/?ref=eda"; VariantName = "[No Variations]"
Add component (AddParameter): Name = "MF"; Value = "AVX"; VariantName = "[No Variations]"
Add component (AddParameter): Name = "MP"; Value = "08055C104KAT2A"; VariantName = "[No Variations]"
Add component (AddParameter): Name = "Package"; Value = "2012 AVX"; VariantName = "[No Variations]"
Add component (AddParameter): Name = "SnapEDA_Link"; Value = "https://www.snapeda.com/parts/08055C104KAT2A/AVX/view-part/?ref=snap"; VariantName = "[No Variations]"
Add component (AddParameter): Name = "Value"; Value = ""; VariantName = "[No Variations]"
Added Component: Designator=D2(FP-95402-MFG)
Add component (AddParameter): Name = "Automotive"; Value = "No"; VariantName = "[No Variations]"
Add component (AddParameter): Name = "Category"; Value = "Diode"; VariantName = "[No Variations]"
Add component (AddParameter): Name = "ComponentLink2Description"; Value = "Datasheet"; VariantName = "[No Variations]"
Add component (AddParameter): Name = "ComponentLink2URL"; Value = "http://www.vishay.com/docs/88751/ss32.pdf"; VariantName = "[No Variations]"
Add component (AddParameter): Name = "Device Class L1"; Value = "Discrete Semiconductors"; VariantName = "[No Variations]"
Add component (AddParameter): Name = "Device Class L2"; Value = "Diodes"; VariantName = "[No Variations]"
Add component (AddParameter): Name = "Device Class L3"; Value = "Schottky Diodes"; VariantName = "[No Variations]"
Add component (AddParameter): Name = "Digikey Description"; Value = "DIODE SCHOTTKY 40V 3A DO214AB"; VariantName = "[No Variations]"
Add component (AddParameter): Name = "Footprint Url"; Value = "http://www.vishay.com/docs/95402/smc.pdf"; VariantName = "[No Variations]"
Add component (AddParameter): Name = "Forward Current"; Value = "3A"; VariantName = "[No Variations]"
Add component (AddParameter): Name = "Height"; Value = "2.62mm"; VariantName = "[No Variations]"
Add component (AddParameter): Name = "Lead Free"; Value = "Yes"; VariantName = "[No Variations]"
Add component (AddParameter): Name = "Manufacturer"; Value = "Vishay"; VariantName = "[No Variations]"
Add component (AddParameter): Name = "Manufacturer Part Number"; Value = "SS34-E3/57T"; VariantName = "[No Variations]"
Add component (AddParameter): Name = "Max Junction Temp"; Value = "+150°C"; VariantName = "[No Variations]"
Add component (AddParameter): Name = "Max Repetitive Reverse Voltage"; Value = "40V"; VariantName = "[No Variations]"
Add component (AddParameter): Name = "Max Surge Forward Current"; Value = "100A"; VariantName = "[No Variations]"
Add component (AddParameter): Name = "Mouser Description"; Value = "Schottky Diodes & Rectifiers 3.0 Amp 40 Volt"; VariantName = "[No Variations]"
Add component (AddParameter): Name = "Octopart"; Value = "https://octopart.com/ss34-e3%2F57t-vishay-39552907"; VariantName = "[No Variations]"
Add component (AddParameter): Name = "Package"; Value = "95402"; VariantName = "[No Variations]"
Add component (AddParameter): Name = "Peak Reverse Current"; Value = "0.5mA"; VariantName = "[No Variations]"
Add component (AddParameter): Name = "RoHS"; Value = "TRUE"; VariantName = "[No Variations]"
Add component (AddParameter): Name = "Standoff Height"; Value = "0mm"; VariantName = "[No Variations]"
Add component (AddParameter): Name = "Temperature"; Value = "-55°C to +150°C"; VariantName = "[No Variations]"
Add component (AddParameter): Name = "Temperature Range High"; Value = "+150°C"; VariantName = "[No Variations]"
Add component (AddParameter): Name = "Temperature Range Low"; Value = "-55°C"; VariantName = "[No Variations]"
Added Component: Designator=L1(FP-SRR1260-MFG)
Add component (AddParameter): Name = "Case/Package"; Value = "1260"; VariantName = "[No Variations]"
Add component (AddParameter): Name = "Core Material"; Value = "Ferrite"; VariantName = "[No Variations]"
Add component (AddParameter): Name = "Current Rating"; Value = "5A"; VariantName = "[No Variations]"
Add component (AddParameter): Name = "DC Current"; Value = "5A"; VariantName = "[No Variations]"
Add component (AddParameter): Name = "DC Resistance (DCR)"; Value = "27mR"; VariantName = "[No Variations]"
Add component (AddParameter): Name = "Depth"; Value = "12.8mm"; VariantName = "[No Variations]"
Add component (AddParameter): Name = "Frequency"; Value = "17.6MHz"; VariantName = "[No Variations]"
Add component (AddParameter): Name = "Height"; Value = "6mm"; VariantName = "[No Variations]"
Add component (AddParameter): Name = "Height - Seated (Max)"; Value = "0.256inch"; VariantName = "[No Variations]"
Add component (AddParameter): Name = "Inductance"; Value = "15uH"; VariantName = "[No Variations]"
Add component (AddParameter): Name = "Inductance Tolerance"; Value = "20%"; VariantName = "[No Variations]"
Add component (AddParameter): Name = "Length"; Value = "12.5mm"; VariantName = "[No Variations]"
Add component (AddParameter): Name = "Material"; Value = "Steel"; VariantName = "[No Variations]"
Add component (AddParameter): Name = "Max DC Current"; Value = "5A"; VariantName = "[No Variations]"
Add component (AddParameter): Name = "Max Operating Temperature"; Value = "125°C"; VariantName = "[No Variations]"
Add component (AddParameter): Name = "Military Standard"; Value = "Not"; VariantName = "[No Variations]"
Add component (AddParameter): Name = "Min Operating Temperature"; Value = "-40°C"; VariantName = "[No Variations]"
Add component (AddParameter): Name = "Mount"; Value = "Surface Mount"; VariantName = "[No Variations]"
Add component (AddParameter): Name = "Number of Pins"; Value = "2"; VariantName = "[No Variations]"
Add component (AddParameter): Name = "Package Quantity"; Value = "600"; VariantName = "[No Variations]"
Add component (AddParameter): Name = "Packaging"; Value = "Tape and Reel"; VariantName = "[No Variations]"
Add component (AddParameter): Name = "Q Factor"; Value = "25"; VariantName = "[No Variations]"
Add component (AddParameter): Name = "REACH SVHC"; Value = "No SVHC"; VariantName = "[No Variations]"
Add component (AddParameter): Name = "Resistance"; Value = "27MR"; VariantName = "[No Variations]"
Add component (AddParameter): Name = "Resistor Type"; Value = "Wirewound"; VariantName = "[No Variations]"
Add component (AddParameter): Name = "RMS Current (Irms)"; Value = "5A"; VariantName = "[No Variations]"
Add component (AddParameter): Name = "RoHS Compliant"; Value = "Yes"; VariantName = "[No Variations]"
Add component (AddParameter): Name = "Sample Rate (Hz)"; Value = "100kHz"; VariantName = "[No Variations]"
Add component (AddParameter): Name = "Saturation Current"; Value = "4.6A"; VariantName = "[No Variations]"
Add component (AddParameter): Name = "Self Resonant Frequency"; Value = "17.6MHz"; VariantName = "[No Variations]"
Add component (AddParameter): Name = "Series"; Value = "SRR1260"; VariantName = "[No Variations]"
Add component (AddParameter): Name = "Shielding"; Value = "Shielded"; VariantName = "[No Variations]"
Add component (AddParameter): Name = "Termination"; Value = "SMD/SMT"; VariantName = "[No Variations]"
Add component (AddParameter): Name = "Test Frequency"; Value = "100kHz"; VariantName = "[No Variations]"
Add component (AddParameter): Name = "Tolerance"; Value = "20%"; VariantName = "[No Variations]"
Add component (AddParameter): Name = "Width"; Value = "12.5mm"; VariantName = "[No Variations]"
Added Component: Designator=Q3(FP-SOT1220-MFG)
Add component (AddParameter): Name = "Ambient Temperature Range High"; Value = "+175°C"; VariantName = "[No Variations]"
Add component (AddParameter): Name = "Ambient Temperature Range Low"; Value = "-55°C"; VariantName = "[No Variations]"
Add component (AddParameter): Name = "Automotive"; Value = "Yes"; VariantName = "[No Variations]"
Add component (AddParameter): Name = "Automotive Grade"; Value = "Grade 0"; VariantName = "[No Variations]"
Add component (AddParameter): Name = "Category"; Value = "Trans"; VariantName = "[No Variations]"
Add component (AddParameter): Name = "ComponentLink2Description"; Value = "Datasheet"; VariantName = "[No Variations]"
Add component (AddParameter): Name = "ComponentLink2URL"; Value = "https://assets.nexperia.com/documents/data-sheet/BUK9D23-40E.pdf"; VariantName = "[No Variations]"
Add component (AddParameter): Name = "Continuous Drain Current"; Value = "8A"; VariantName = "[No Variations]"
Add component (AddParameter): Name = "Depletion Mode"; Value = "False"; VariantName = "[No Variations]"
Add component (AddParameter): Name = "Device Class L1"; Value = "Discrete Semiconductors"; VariantName = "[No Variations]"
Add component (AddParameter): Name = "Device Class L2"; Value = "Transistors"; VariantName = "[No Variations]"
Add component (AddParameter): Name = "Device Class L3"; Value = "MOSFETs"; VariantName = "[No Variations]"
Add component (AddParameter): Name = "Digikey Description"; Value = "MOSFET N-CH 40V 8A 6DFN2020MD"; VariantName = "[No Variations]"
Add component (AddParameter): Name = "Drain To Source Breakdown Voltage"; Value = "40V"; VariantName = "[No Variations]"
Add component (AddParameter): Name = "Drain To Source Resistance"; Value = "18m?"; VariantName = "[No Variations]"
Add component (AddParameter): Name = "Drain To Source Voltage"; Value = "40V"; VariantName = "[No Variations]"
Add component (AddParameter): Name = "Footprint Url"; Value = "https://assets.nexperia.com/documents/outline-drawing/SOT1220.pdf"; VariantName = "[No Variations]"
Add component (AddParameter): Name = "Gate Charge At Vgs"; Value = "11.5nC @ 10V"; VariantName = "[No Variations]"
Add component (AddParameter): Name = "Gate To Source Voltage"; Value = "15V"; VariantName = "[No Variations]"
Add component (AddParameter): Name = "Height"; Value = "0.65mm"; VariantName = "[No Variations]"
Add component (AddParameter): Name = "Input Capacitace At Vds"; Value = "637pF @ 20V"; VariantName = "[No Variations]"
Add component (AddParameter): Name = "Lead Free"; Value = "Yes"; VariantName = "[No Variations]"
Add component (AddParameter): Name = "Manufacturer"; Value = "Nexperia"; VariantName = "[No Variations]"
Add component (AddParameter): Name = "Manufacturer Part Number"; Value = "BUK9D23-40EX"; VariantName = "[No Variations]"
Add component (AddParameter): Name = "Max Forward Diode Voltage"; Value = "1.2V"; VariantName = "[No Variations]"
Add component (AddParameter): Name = "Max Junction Temp"; Value = "+175°C"; VariantName = "[No Variations]"
Add component (AddParameter): Name = "Number Of Channels"; Value = "1"; VariantName = "[No Variations]"
Add component (AddParameter): Name = "Number Of N Channels"; Value = "1"; VariantName = "[No Variations]"
Add component (AddParameter): Name = "Octopart"; Value = "https://octopart.com/buk9d23-40ex-nexperia-87872643"; VariantName = "[No Variations]"
Add component (AddParameter): Name = "Package"; Value = "SOT1220"; VariantName = "[No Variations]"
Add component (AddParameter): Name = "Power Dissipation"; Value = "2.3W"; VariantName = "[No Variations]"
Add component (AddParameter): Name = "Pulse Drain Current"; Value = "76A"; VariantName = "[No Variations]"
Add component (AddParameter): Name = "Reverse Recovery Charge"; Value = "5.3nC"; VariantName = "[No Variations]"
Add component (AddParameter): Name = "Reverse Recovery Time"; Value = "12.9ns"; VariantName = "[No Variations]"
Add component (AddParameter): Name = "RoHS"; Value = "TRUE"; VariantName = "[No Variations]"
Add component (AddParameter): Name = "Rthja Max"; Value = "57K/W"; VariantName = "[No Variations]"
Add component (AddParameter): Name = "Temperature"; Value = "-55°C to +175°C"; VariantName = "[No Variations]"
Add component (AddParameter): Name = "Temperature Range High"; Value = "+175°C"; VariantName = "[No Variations]"
Add component (AddParameter): Name = "Temperature Range Low"; Value = "-55°C"; VariantName = "[No Variations]"
Add component (AddParameter): Name = "Threshold Vgs Max"; Value = "2.1V"; VariantName = "[No Variations]"
Add component (AddParameter): Name = "Threshold Vgs Min"; Value = "1.4V"; VariantName = "[No Variations]"
Add component (AddParameter): Name = "Transconductance"; Value = "39S"; VariantName = "[No Variations]"
Add component (AddParameter): Name = "Turn Off Delay Time"; Value = "12ns"; VariantName = "[No Variations]"
Add component (AddParameter): Name = "Turn On Delay Time"; Value = "2ns"; VariantName = "[No Variations]"
Add component (AddParameter): Name = "Typ Forward Diode Voltage"; Value = "0.8V"; VariantName = "[No Variations]"
Added Component: Designator=R18(RES_ERJ6ENF1002V)
Add component (AddParameter): Name = "Check_prices"; Value = "https://www.snapeda.com/parts/ERJ6ENF1002V/Panasonic/view-part/5776803/?ref=eda"; VariantName = "[No Variations]"
Add component (AddParameter): Name = "Digi-Key_Part_Number"; Value = "P10.0KCCT-ND"; VariantName = "[No Variations]"
Add component (AddParameter): Name = "MF"; Value = "Panasonic"; VariantName = "[No Variations]"
Add component (AddParameter): Name = "MP"; Value = "ERJ6ENF1002V"; VariantName = "[No Variations]"
Add component (AddParameter): Name = "Package"; Value = "2012-2 Panasonic"; VariantName = "[No Variations]"
Add component (AddParameter): Name = "SnapEDA_Link"; Value = "https://www.snapeda.com/parts/ERJ6ENF1002V/Panasonic/view-part/5776803/?ref=snap"; VariantName = "[No Variations]"
Add component (AddParameter): Name = "Value"; Value = ""; VariantName = "[No Variations]"
Added Component: Designator=R19(RES_ERJ6ENF1002V)
Add component (AddParameter): Name = "Check_prices"; Value = "https://www.snapeda.com/parts/ERJ6ENF1002V/Panasonic/view-part/5776803/?ref=eda"; VariantName = "[No Variations]"
Add component (AddParameter): Name = "Digi-Key_Part_Number"; Value = "P10.0KCCT-ND"; VariantName = "[No Variations]"
Add component (AddParameter): Name = "MF"; Value = "Panasonic"; VariantName = "[No Variations]"
Add component (AddParameter): Name = "MP"; Value = "ERJ6ENF1002V"; VariantName = "[No Variations]"
Add component (AddParameter): Name = "Package"; Value = "2012-2 Panasonic"; VariantName = "[No Variations]"
Add component (AddParameter): Name = "SnapEDA_Link"; Value = "https://www.snapeda.com/parts/ERJ6ENF1002V/Panasonic/view-part/5776803/?ref=snap"; VariantName = "[No Variations]"
Add component (AddParameter): Name = "Value"; Value = ""; VariantName = "[No Variations]"
Added Component: Designator=R20(RES_ERJ6ENF1002V)
Add component (AddParameter): Name = "Check_prices"; Value = "https://www.snapeda.com/parts/ERJ6ENF1002V/Panasonic/view-part/5776803/?ref=eda"; VariantName = "[No Variations]"
Add component (AddParameter): Name = "Digi-Key_Part_Number"; Value = "P10.0KCCT-ND"; VariantName = "[No Variations]"
Add component (AddParameter): Name = "MF"; Value = "Panasonic"; VariantName = "[No Variations]"
Add component (AddParameter): Name = "MP"; Value = "ERJ6ENF1002V"; VariantName = "[No Variations]"
Add component (AddParameter): Name = "Package"; Value = "2012-2 Panasonic"; VariantName = "[No Variations]"
Add component (AddParameter): Name = "SnapEDA_Link"; Value = "https://www.snapeda.com/parts/ERJ6ENF1002V/Panasonic/view-part/5776803/?ref=snap"; VariantName = "[No Variations]"
Add component (AddParameter): Name = "Value"; Value = ""; VariantName = "[No Variations]"
Added Component: Designator=R21(RES_ERJ6ENF1002V)
Add component (AddParameter): Name = "Check_prices"; Value = "https://www.snapeda.com/parts/ERJ6ENF1002V/Panasonic/view-part/5776803/?ref=eda"; VariantName = "[No Variations]"
Add component (AddParameter): Name = "Digi-Key_Part_Number"; Value = "P10.0KCCT-ND"; VariantName = "[No Variations]"
Add component (AddParameter): Name = "MF"; Value = "Panasonic"; VariantName = "[No Variations]"
Add component (AddParameter): Name = "MP"; Value = "ERJ6ENF1002V"; VariantName = "[No Variations]"
Add component (AddParameter): Name = "Package"; Value = "2012-2 Panasonic"; VariantName = "[No Variations]"
Add component (AddParameter): Name = "SnapEDA_Link"; Value = "https://www.snapeda.com/parts/ERJ6ENF1002V/Panasonic/view-part/5776803/?ref=snap"; VariantName = "[No Variations]"
Add component (AddParameter): Name = "Value"; Value = ""; VariantName = "[No Variations]"
Added Component: Designator=R22(RES_ERJ6ENF1002V)
Add component (AddParameter): Name = "Check_prices"; Value = "https://www.snapeda.com/parts/ERJ6ENF1002V/Panasonic/view-part/5776803/?ref=eda"; VariantName = "[No Variations]"
Add component (AddParameter): Name = "Digi-Key_Part_Number"; Value = "P10.0KCCT-ND"; VariantName = "[No Variations]"
Add component (AddParameter): Name = "MF"; Value = "Panasonic"; VariantName = "[No Variations]"
Add component (AddParameter): Name = "MP"; Value = "ERJ6ENF1002V"; VariantName = "[No Variations]"
Add component (AddParameter): Name = "Package"; Value = "2012-2 Panasonic"; VariantName = "[No Variations]"
Add component (AddParameter): Name = "SnapEDA_Link"; Value = "https://www.snapeda.com/parts/ERJ6ENF1002V/Panasonic/view-part/5776803/?ref=snap"; VariantName = "[No Variations]"
Add component (AddParameter): Name = "Value"; Value = ""; VariantName = "[No Variations]"
Added Component: Designator=R23(RES_ERJ6ENF1002V)
Add component (AddParameter): Name = "Check_prices"; Value = "https://www.snapeda.com/parts/ERJ6ENF1002V/Panasonic/view-part/5776803/?ref=eda"; VariantName = "[No Variations]"
Add component (AddParameter): Name = "Digi-Key_Part_Number"; Value = "P10.0KCCT-ND"; VariantName = "[No Variations]"
Add component (AddParameter): Name = "MF"; Value = "Panasonic"; VariantName = "[No Variations]"
Add component (AddParameter): Name = "MP"; Value = "ERJ6ENF1002V"; VariantName = "[No Variations]"
Add component (AddParameter): Name = "Package"; Value = "2012-2 Panasonic"; VariantName = "[No Variations]"
Add component (AddParameter): Name = "SnapEDA_Link"; Value = "https://www.snapeda.com/parts/ERJ6ENF1002V/Panasonic/view-part/5776803/?ref=snap"; VariantName = "[No Variations]"
Add component (AddParameter): Name = "Value"; Value = ""; VariantName = "[No Variations]"
Added Component: Designator=U7(SOIC127P599X175-8N)
Add component (AddParameter): Name = "Check_prices"; Value = "https://www.snapeda.com/parts/UC3842D8/Texas+Instruments/view-part/?ref=eda"; VariantName = "[No Variations]"
Add component (AddParameter): Name = "MF"; Value = "Texas Instruments"; VariantName = "[No Variations]"
Add component (AddParameter): Name = "MP"; Value = "UC3842D8"; VariantName = "[No Variations]"
Add component (AddParameter): Name = "Package"; Value = "SOIC-8 Texas Instruments"; VariantName = "[No Variations]"
Add component (AddParameter): Name = "SnapEDA_Link"; Value = "https://www.snapeda.com/parts/UC3842D8/Texas+Instruments/view-part/?ref=snap"; VariantName = "[No Variations]"
Add component (AddParameter): Name = "Value"; Value = ""; VariantName = "[No Variations]"
Added Pin To Net: NetName=GND Pin=*C13-1
Added Pin To Net: NetName=GND Pin=BT1-N
Added Pin To Net: NetName=GND Pin=C2-2
Added Pin To Net: NetName=GND Pin=C3-1
Added Pin To Net: NetName=GND Pin=C4-2
Added Pin To Net: NetName=GND Pin=C5-1
Added Pin To Net: NetName=GND Pin=C6-2
Added Pin To Net: NetName=GND Pin=C7-1
Added Pin To Net: NetName=GND Pin=C8-1
Added Pin To Net: NetName=GND Pin=C9-1
Added Pin To Net: NetName=GND Pin=C10-2
Added Pin To Net: NetName=GND Pin=C11-1
Added Pin To Net: NetName=GND Pin=C15-1
Added Pin To Net: NetName=GND Pin=C16-1
Added Pin To Net: NetName=GND Pin=J1-1
Added Pin To Net: NetName=GND Pin=J2-4
Added Pin To Net: NetName=GND Pin=J4-9
Added Pin To Net: NetName=GND Pin=KEY1-1
Added Pin To Net: NetName=GND Pin=KEY1-2
Added Pin To Net: NetName=GND Pin=LED1-1
Added Pin To Net: NetName=GND Pin=LED2-1
Added Pin To Net: NetName=GND Pin=PS1-2
Added Pin To Net: NetName=GND Pin=R8-1
Added Pin To Net: NetName=GND Pin=R13-2
Added Pin To Net: NetName=GND Pin=R14-2
Added Pin To Net: NetName=GND Pin=U1-9
Added Pin To Net: NetName=GND Pin=U1-19
Added Pin To Net: NetName=GND Pin=U1-20
Added Pin To Net: NetName=GND Pin=U1-21
Added Pin To Net: NetName=GND Pin=U1-22
Added Pin To Net: NetName=GND Pin=U1-23
Added Pin To Net: NetName=GND Pin=U1-24
Added Pin To Net: NetName=GND Pin=U1-25
Added Pin To Net: NetName=GND Pin=U1-26
Added Pin To Net: NetName=GND Pin=U1-27
Added Pin To Net: NetName=GND Pin=U1-28
Added Pin To Net: NetName=GND Pin=U1-29
Added Pin To Net: NetName=GND Pin=U1-30
Added Pin To Net: NetName=GND Pin=U1-31
Added Pin To Net: NetName=GND Pin=U1-32
Added Pin To Net: NetName=GND Pin=U1-33
Added Pin To Net: NetName=GND Pin=U1-34
Added Pin To Net: NetName=GND Pin=U1-35
Added Pin To Net: NetName=GND Pin=U1-36
Added Pin To Net: NetName=GND Pin=U1-37
Added Pin To Net: NetName=GND Pin=U1-38
Added Pin To Net: NetName=GND Pin=U1-39
Added Pin To Net: NetName=GND Pin=U2-4
Added Pin To Net: NetName=GND Pin=U4-10
Added Pin To Net: NetName=GND Pin=U5-10
Added Pin To Net: NetName=DAC_ Pin=R23-1
Added Net: Name=DAC_
Added Pin To Net: NetName=G_COB_ Pin=C19-2
Added Pin To Net: NetName=G_COB_ Pin=L1-1
Added Net: Name=G_COB_
Add Net: Net with name "GND" already exists
Added Pin To Net: NetName=NetC17_2 Pin=C17-2
Added Pin To Net: NetName=NetC17_2 Pin=R19-1
Added Pin To Net: NetName=NetC17_2 Pin=U7-4
Added Net: Name=NetC17_2
Added Pin To Net: NetName=NetC18_2 Pin=C18-2
Added Pin To Net: NetName=NetC18_2 Pin=R21-1
Added Pin To Net: NetName=NetC18_2 Pin=U7-3
Added Net: Name=NetC18_2
Added Pin To Net: NetName=NetC20_2 Pin=C20-2
Added Pin To Net: NetName=NetC20_2 Pin=R18-2
Added Pin To Net: NetName=NetC20_2 Pin=R23-2
Added Pin To Net: NetName=NetC20_2 Pin=U7-1
Added Net: Name=NetC20_2
Added Pin To Net: NetName=NetD2_2 Pin=D2-2
Added Pin To Net: NetName=NetD2_2 Pin=L1-2
Added Pin To Net: NetName=NetD2_2 Pin=Q3-1
Added Pin To Net: NetName=NetD2_2 Pin=Q3-2
Added Pin To Net: NetName=NetD2_2 Pin=Q3-5
Added Pin To Net: NetName=NetD2_2 Pin=Q3-6
Added Pin To Net: NetName=NetD2_2 Pin=Q3-7
Added Net: Name=NetD2_2
Added Pin To Net: NetName=NetQ3_3 Pin=Q3-3
Added Pin To Net: NetName=NetQ3_3 Pin=R20-2
Added Net: Name=NetQ3_3
Added Pin To Net: NetName=NetQ3_4 Pin=Q3-4
Added Pin To Net: NetName=NetQ3_4 Pin=Q3-8
Added Pin To Net: NetName=NetQ3_4 Pin=R21-2
Added Pin To Net: NetName=NetQ3_4 Pin=R22-2
Added Net: Name=NetQ3_4
Added Pin To Net: NetName=NetR19_2 Pin=R19-2
Added Pin To Net: NetName=NetR19_2 Pin=U7-8
Added Net: Name=NetR19_2
Added Pin To Net: NetName=NetR20_1 Pin=R20-1
Added Pin To Net: NetName=NetR20_1 Pin=U7-6
Added Net: Name=NetR20_1
Added Pin To Net: NetName=V_COB_ Pin=C19-1
Added Pin To Net: NetName=V_COB_ Pin=C21-2
Added Pin To Net: NetName=V_COB_ Pin=D2-1
Added Pin To Net: NetName=V_COB_ Pin=U7-7
Added Net: Name=V_COB_
Added Class: Name=Buck
Added Member To Class: ClassName=V_COB_[1..8] Member=Element[0]: V_COB_
Added Member To Class: ClassName=V_COB_[1..8] Member=Element[1]: V_COB_
Added Member To Class: ClassName=V_COB_[1..8] Member=Element[2]: V_COB_
Added Member To Class: ClassName=V_COB_[1..8] Member=Element[3]: V_COB_
