Removed Member From Class: ClassName=V_COB_[1..8] Member=V_COB_2
Removed Member From Class: ClassName=V_COB_[1..8] Member=V_COB_3
Removed Member From Class: ClassName=V_COB_[1..8] Member=V_COB_4
Removed Member From Class: ClassName=V_COB_[1..8] Member=V_COB_5
Removed Member From Class: ClassName=V_COB_[1..8] Member=V_COB_6
Removed Member From Class: ClassName=V_COB_[1..8] Member=V_COB_7
Removed Member From Class: ClassName=V_COB_[1..8] Member=V_COB_8
Change Component Description : Designator=F1 Old Description=2410 SMT Fuse New Description=2410 SMT Fuse | Quick Acting | 250mA | Higher AC Voltage
Change Component Description : Designator=*C13 Old Description=Capacitor;Ceramic;0.1uF;10%;50V;Tape/Reel New Description=Capacitor;Ceramic;0.1uF;10%;50V;Tape/Reel | AVX 08055C104KAT2A
Change Component Description : Designator=C3 Old Description=Capacitor;Ceramic;0.1uF;10%;50V;Tape/Reel New Description=Capacitor;Ceramic;0.1uF;10%;50V;Tape/Reel | AVX 08055C104KAT2A
Change Component Description : Designator=C6 Old Description=Capacitor;Ceramic;0.1uF;10%;50V;Tape/Reel New Description=Capacitor;Ceramic;0.1uF;10%;50V;Tape/Reel | AVX 08055C104KAT2A
Change Component Description : Designator=C8 Old Description=Capacitor;Ceramic;0.1uF;10%;50V;Tape/Reel New Description=Capacitor;Ceramic;0.1uF;10%;50V;Tape/Reel | AVX 08055C104KAT2A
Change Component Description : Designator=C10 Old Description=Capacitor;Ceramic;0.1uF;10%;50V;Tape/Reel New Description=Capacitor;Ceramic;0.1uF;10%;50V;Tape/Reel | AVX 08055C104KAT2A
Change Component Description : Designator=C11 Old Description=Capacitor;Ceramic;0.1uF;10%;50V;Tape/Reel New Description=Capacitor;Ceramic;0.1uF;10%;50V;Tape/Reel | AVX 08055C104KAT2A
Change Component Description : Designator=C12 Old Description=Capacitor;Ceramic;0.1uF;10%;50V;Tape/Reel New Description=Capacitor;Ceramic;0.1uF;10%;50V;Tape/Reel | AVX 08055C104KAT2A
Change Component Description : Designator=C15 Old Description=Capacitor;Ceramic;0.1uF;10%;50V;Tape/Reel New Description=Capacitor;Ceramic;0.1uF;10%;50V;Tape/Reel | AVX 08055C104KAT2A
Change Component Description : Designator=C16 Old Description=Capacitor;Ceramic;0.1uF;10%;50V;Tape/Reel New Description=Capacitor;Ceramic;0.1uF;10%;50V;Tape/Reel | AVX 08055C104KAT2A
Change Component Description : Designator=C17_Buck1 Old Description=Capacitor;Ceramic;0.1uF;10%;50V;Tape/Reel New Description=Capacitor;Ceramic;0.1uF;10%;50V;Tape/Reel | AVX 08055C104KAT2A
Change Component Description : Designator=C17_Buck2 Old Description=Capacitor;Ceramic;0.1uF;10%;50V;Tape/Reel New Description=Capacitor;Ceramic;0.1uF;10%;50V;Tape/Reel | AVX 08055C104KAT2A
Change Component Description : Designator=C17_Buck3 Old Description=Capacitor;Ceramic;0.1uF;10%;50V;Tape/Reel New Description=Capacitor;Ceramic;0.1uF;10%;50V;Tape/Reel | AVX 08055C104KAT2A
Change Component Description : Designator=C17_Buck4 Old Description=Capacitor;Ceramic;0.1uF;10%;50V;Tape/Reel New Description=Capacitor;Ceramic;0.1uF;10%;50V;Tape/Reel | AVX 08055C104KAT2A
Change Component Description : Designator=C17_Buck5 Old Description=Capacitor;Ceramic;0.1uF;10%;50V;Tape/Reel New Description=Capacitor;Ceramic;0.1uF;10%;50V;Tape/Reel | AVX 08055C104KAT2A
Change Component Description : Designator=C17_Buck6 Old Description=Capacitor;Ceramic;0.1uF;10%;50V;Tape/Reel New Description=Capacitor;Ceramic;0.1uF;10%;50V;Tape/Reel | AVX 08055C104KAT2A
Change Component Description : Designator=C17_Buck7 Old Description=Capacitor;Ceramic;0.1uF;10%;50V;Tape/Reel New Description=Capacitor;Ceramic;0.1uF;10%;50V;Tape/Reel | AVX 08055C104KAT2A
Change Component Description : Designator=C17_Buck8 Old Description=Capacitor;Ceramic;0.1uF;10%;50V;Tape/Reel New Description=Capacitor;Ceramic;0.1uF;10%;50V;Tape/Reel | AVX 08055C104KAT2A
Change Component Description : Designator=C18_Buck1 Old Description=Capacitor;Ceramic;0.1uF;10%;50V;Tape/Reel New Description=Capacitor;Ceramic;0.1uF;10%;50V;Tape/Reel | AVX 08055C104KAT2A
Change Component Description : Designator=C18_Buck2 Old Description=Capacitor;Ceramic;0.1uF;10%;50V;Tape/Reel New Description=Capacitor;Ceramic;0.1uF;10%;50V;Tape/Reel | AVX 08055C104KAT2A
Change Component Description : Designator=C18_Buck3 Old Description=Capacitor;Ceramic;0.1uF;10%;50V;Tape/Reel New Description=Capacitor;Ceramic;0.1uF;10%;50V;Tape/Reel | AVX 08055C104KAT2A
Change Component Description : Designator=C18_Buck4 Old Description=Capacitor;Ceramic;0.1uF;10%;50V;Tape/Reel New Description=Capacitor;Ceramic;0.1uF;10%;50V;Tape/Reel | AVX 08055C104KAT2A
Change Component Description : Designator=C18_Buck5 Old Description=Capacitor;Ceramic;0.1uF;10%;50V;Tape/Reel New Description=Capacitor;Ceramic;0.1uF;10%;50V;Tape/Reel | AVX 08055C104KAT2A
Change Component Description : Designator=C18_Buck6 Old Description=Capacitor;Ceramic;0.1uF;10%;50V;Tape/Reel New Description=Capacitor;Ceramic;0.1uF;10%;50V;Tape/Reel | AVX 08055C104KAT2A
Change Component Description : Designator=C18_Buck7 Old Description=Capacitor;Ceramic;0.1uF;10%;50V;Tape/Reel New Description=Capacitor;Ceramic;0.1uF;10%;50V;Tape/Reel | AVX 08055C104KAT2A
Change Component Description : Designator=C18_Buck8 Old Description=Capacitor;Ceramic;0.1uF;10%;50V;Tape/Reel New Description=Capacitor;Ceramic;0.1uF;10%;50V;Tape/Reel | AVX 08055C104KAT2A
Change Component Description : Designator=C20_Buck1 Old Description=Capacitor;Ceramic;0.1uF;10%;50V;Tape/Reel New Description=Capacitor;Ceramic;0.1uF;10%;50V;Tape/Reel | AVX 08055C104KAT2A
Change Component Description : Designator=C20_Buck2 Old Description=Capacitor;Ceramic;0.1uF;10%;50V;Tape/Reel New Description=Capacitor;Ceramic;0.1uF;10%;50V;Tape/Reel | AVX 08055C104KAT2A
Change Component Description : Designator=C20_Buck3 Old Description=Capacitor;Ceramic;0.1uF;10%;50V;Tape/Reel New Description=Capacitor;Ceramic;0.1uF;10%;50V;Tape/Reel | AVX 08055C104KAT2A
Change Component Description : Designator=C20_Buck4 Old Description=Capacitor;Ceramic;0.1uF;10%;50V;Tape/Reel New Description=Capacitor;Ceramic;0.1uF;10%;50V;Tape/Reel | AVX 08055C104KAT2A
Change Component Description : Designator=C20_Buck5 Old Description=Capacitor;Ceramic;0.1uF;10%;50V;Tape/Reel New Description=Capacitor;Ceramic;0.1uF;10%;50V;Tape/Reel | AVX 08055C104KAT2A
Change Component Description : Designator=C20_Buck6 Old Description=Capacitor;Ceramic;0.1uF;10%;50V;Tape/Reel New Description=Capacitor;Ceramic;0.1uF;10%;50V;Tape/Reel | AVX 08055C104KAT2A
Change Component Description : Designator=C20_Buck7 Old Description=Capacitor;Ceramic;0.1uF;10%;50V;Tape/Reel New Description=Capacitor;Ceramic;0.1uF;10%;50V;Tape/Reel | AVX 08055C104KAT2A
Change Component Description : Designator=C20_Buck8 Old Description=Capacitor;Ceramic;0.1uF;10%;50V;Tape/Reel New Description=Capacitor;Ceramic;0.1uF;10%;50V;Tape/Reel | AVX 08055C104KAT2A
Change Component Description : Designator=C21_Buck1 Old Description=Capacitor;Ceramic;0.1uF;10%;50V;Tape/Reel New Description=Capacitor;Ceramic;0.1uF;10%;50V;Tape/Reel | AVX 08055C104KAT2A
Change Component Description : Designator=C21_Buck2 Old Description=Capacitor;Ceramic;0.1uF;10%;50V;Tape/Reel New Description=Capacitor;Ceramic;0.1uF;10%;50V;Tape/Reel | AVX 08055C104KAT2A
Change Component Description : Designator=C21_Buck3 Old Description=Capacitor;Ceramic;0.1uF;10%;50V;Tape/Reel New Description=Capacitor;Ceramic;0.1uF;10%;50V;Tape/Reel | AVX 08055C104KAT2A
Change Component Description : Designator=C21_Buck4 Old Description=Capacitor;Ceramic;0.1uF;10%;50V;Tape/Reel New Description=Capacitor;Ceramic;0.1uF;10%;50V;Tape/Reel | AVX 08055C104KAT2A
Change Component Description : Designator=C21_Buck5 Old Description=Capacitor;Ceramic;0.1uF;10%;50V;Tape/Reel New Description=Capacitor;Ceramic;0.1uF;10%;50V;Tape/Reel | AVX 08055C104KAT2A
Change Component Description : Designator=C21_Buck6 Old Description=Capacitor;Ceramic;0.1uF;10%;50V;Tape/Reel New Description=Capacitor;Ceramic;0.1uF;10%;50V;Tape/Reel | AVX 08055C104KAT2A
Change Component Description : Designator=C21_Buck7 Old Description=Capacitor;Ceramic;0.1uF;10%;50V;Tape/Reel New Description=Capacitor;Ceramic;0.1uF;10%;50V;Tape/Reel | AVX 08055C104KAT2A
Change Component Description : Designator=C21_Buck8 Old Description=Capacitor;Ceramic;0.1uF;10%;50V;Tape/Reel New Description=Capacitor;Ceramic;0.1uF;10%;50V;Tape/Reel | AVX 08055C104KAT2A
Change Component Description : Designator=U4 Old Description=Microchip 4-channel 12 bit Serial DAC 10-Pin MSOP New Description=Microchip 4-channel 12 bit Serial DAC 10-Pin MSOP | Microchip Technology Inc. MCP4728-E/UN
Change Component Description : Designator=U5 Old Description=Microchip 4-channel 12 bit Serial DAC 10-Pin MSOP New Description=Microchip 4-channel 12 bit Serial DAC 10-Pin MSOP | Microchip Technology Inc. MCP4728-E/UN
Added Pin To Net: NetName=V_COB_5 Pin=C2-1
Added Pin To Net: NetName=V_COB_5 Pin=C3-2
Added Pin To Net: NetName=GND Pin=C17_Buck1-1
Added Pin To Net: NetName=GND Pin=C17_Buck2-1
Added Pin To Net: NetName=GND Pin=C17_Buck3-1
Added Pin To Net: NetName=GND Pin=C17_Buck4-1
Added Pin To Net: NetName=GND Pin=C17_Buck5-1
Added Pin To Net: NetName=GND Pin=C17_Buck6-1
Added Pin To Net: NetName=GND Pin=C17_Buck7-1
Added Pin To Net: NetName=GND Pin=C17_Buck8-1
Added Pin To Net: NetName=GND Pin=C18_Buck1-1
Added Pin To Net: NetName=GND Pin=C18_Buck2-1
Added Pin To Net: NetName=GND Pin=C18_Buck3-1
Added Pin To Net: NetName=GND Pin=C18_Buck4-1
Added Pin To Net: NetName=GND Pin=C18_Buck5-1
Added Pin To Net: NetName=GND Pin=C18_Buck6-1
Added Pin To Net: NetName=GND Pin=C18_Buck7-1
Added Pin To Net: NetName=GND Pin=C18_Buck8-1
Added Pin To Net: NetName=V_COB_5 Pin=C19_Buck1-1
Added Pin To Net: NetName=V_COB_5 Pin=C19_Buck2-1
Added Pin To Net: NetName=V_COB_5 Pin=C19_Buck3-1
Added Pin To Net: NetName=V_COB_5 Pin=C19_Buck4-1
Added Pin To Net: NetName=V_COB_5 Pin=C19_Buck6-1
Added Pin To Net: NetName=V_COB_5 Pin=C19_Buck7-1
Added Pin To Net: NetName=V_COB_5 Pin=C19_Buck8-1
Added Pin To Net: NetName=GND Pin=C20_Buck1-1
Added Pin To Net: NetName=GND Pin=C20_Buck2-1
Added Pin To Net: NetName=GND Pin=C20_Buck3-1
Added Pin To Net: NetName=GND Pin=C20_Buck4-1
Added Pin To Net: NetName=GND Pin=C20_Buck5-1
Added Pin To Net: NetName=GND Pin=C20_Buck6-1
Added Pin To Net: NetName=GND Pin=C20_Buck7-1
Added Pin To Net: NetName=GND Pin=C20_Buck8-1
Added Pin To Net: NetName=GND Pin=C21_Buck1-1
Added Pin To Net: NetName=V_COB_5 Pin=C21_Buck1-2
Added Pin To Net: NetName=GND Pin=C21_Buck2-1
Added Pin To Net: NetName=V_COB_5 Pin=C21_Buck2-2
Added Pin To Net: NetName=GND Pin=C21_Buck3-1
Added Pin To Net: NetName=V_COB_5 Pin=C21_Buck3-2
Added Pin To Net: NetName=GND Pin=C21_Buck4-1
Added Pin To Net: NetName=V_COB_5 Pin=C21_Buck4-2
Added Pin To Net: NetName=GND Pin=C21_Buck5-1
Added Pin To Net: NetName=GND Pin=C21_Buck6-1
Added Pin To Net: NetName=V_COB_5 Pin=C21_Buck6-2
Added Pin To Net: NetName=GND Pin=C21_Buck7-1
Added Pin To Net: NetName=V_COB_5 Pin=C21_Buck7-2
Added Pin To Net: NetName=GND Pin=C21_Buck8-1
Added Pin To Net: NetName=V_COB_5 Pin=C21_Buck8-2
Added Pin To Net: NetName=V_COB_5 Pin=D2_Buck1-1
Added Pin To Net: NetName=V_COB_5 Pin=D2_Buck2-1
Added Pin To Net: NetName=V_COB_5 Pin=D2_Buck3-1
Added Pin To Net: NetName=V_COB_5 Pin=D2_Buck4-1
Added Pin To Net: NetName=V_COB_5 Pin=D2_Buck6-1
Added Pin To Net: NetName=V_COB_5 Pin=D2_Buck7-1
Added Pin To Net: NetName=V_COB_5 Pin=D2_Buck8-1
Added Pin To Net: NetName=V_COB_5 Pin=F1-2
Added Pin To Net: NetName=V_COB_5 Pin=J3-1
Added Pin To Net: NetName=V_COB_5 Pin=J3-3
Added Pin To Net: NetName=V_COB_5 Pin=J3-5
Added Pin To Net: NetName=V_COB_5 Pin=J3-7
Added Pin To Net: NetName=V_COB_5 Pin=J4-1
Added Pin To Net: NetName=V_COB_5 Pin=J4-3
Added Pin To Net: NetName=V_COB_5 Pin=J4-5
Added Pin To Net: NetName=V_COB_5 Pin=PS1-1
Added Pin To Net: NetName=GND Pin=R18_Buck1-1
Added Pin To Net: NetName=GND Pin=R18_Buck2-1
Added Pin To Net: NetName=GND Pin=R18_Buck3-1
Added Pin To Net: NetName=GND Pin=R18_Buck4-1
Added Pin To Net: NetName=GND Pin=R18_Buck5-1
Added Pin To Net: NetName=GND Pin=R18_Buck6-1
Added Pin To Net: NetName=GND Pin=R18_Buck7-1
Added Pin To Net: NetName=GND Pin=R18_Buck8-1
Added Pin To Net: NetName=GND Pin=R22_Buck1-2
Added Pin To Net: NetName=GND Pin=R22_Buck2-2
Added Pin To Net: NetName=GND Pin=R22_Buck3-2
Added Pin To Net: NetName=GND Pin=R22_Buck4-2
Added Pin To Net: NetName=GND Pin=R22_Buck5-2
Added Pin To Net: NetName=GND Pin=R22_Buck6-2
Added Pin To Net: NetName=GND Pin=R22_Buck7-2
Added Pin To Net: NetName=GND Pin=R22_Buck8-2
Added Pin To Net: NetName=GND Pin=U7_Buck1-2
Added Pin To Net: NetName=GND Pin=U7_Buck1-5
Added Pin To Net: NetName=V_COB_5 Pin=U7_Buck1-7
Added Pin To Net: NetName=GND Pin=U7_Buck2-2
Added Pin To Net: NetName=GND Pin=U7_Buck2-5
Added Pin To Net: NetName=V_COB_5 Pin=U7_Buck2-7
Added Pin To Net: NetName=GND Pin=U7_Buck3-2
Added Pin To Net: NetName=GND Pin=U7_Buck3-5
Added Pin To Net: NetName=V_COB_5 Pin=U7_Buck3-7
Added Pin To Net: NetName=GND Pin=U7_Buck4-2
Added Pin To Net: NetName=GND Pin=U7_Buck4-5
Added Pin To Net: NetName=V_COB_5 Pin=U7_Buck4-7
Added Pin To Net: NetName=GND Pin=U7_Buck5-2
Added Pin To Net: NetName=GND Pin=U7_Buck5-5
Added Pin To Net: NetName=GND Pin=U7_Buck6-2
Added Pin To Net: NetName=GND Pin=U7_Buck6-5
Added Pin To Net: NetName=V_COB_5 Pin=U7_Buck6-7
Added Pin To Net: NetName=GND Pin=U7_Buck7-2
Added Pin To Net: NetName=GND Pin=U7_Buck7-5
Added Pin To Net: NetName=V_COB_5 Pin=U7_Buck7-7
Added Pin To Net: NetName=GND Pin=U7_Buck8-2
Added Pin To Net: NetName=GND Pin=U7_Buck8-5
Added Pin To Net: NetName=V_COB_5 Pin=U7_Buck8-7
Change Net Name : Old Net Name=V_COB_5 New Net Name=V_COB_1
