Removed Member From Class: ClassName=Buck_DLS Member=DLS Buck1
Removed Member From Class: ClassName=Buck_DLS Member=DLS Buck2
Removed Member From Class: ClassName=Buck_DLS Member=DLS Buck3
Removed Member From Class: ClassName=Buck_DLS Member=DLS Buck4
Removed Member From Class: ClassName=Buck_DLS Member=DLS Buck5
Removed Member From Class: ClassName=Buck_DLS Member=DLS Buck6
Removed Member From Class: ClassName=Buck_DLS Member=DLS Buck7
Removed Member From Class: ClassName=Buck_DLS Member=DLS Buck8
Change Component Designator: OldDesignator=C17_DLS Buck1 NewDesignator=C17_DAC_1
Change Component Designator: OldDesignator=C17_DLS Buck2 NewDesignator=C17_DAC_2
Change Component Designator: OldDesignator=C17_DLS Buck3 NewDesignator=C17_DAC_3
Change Component Designator: OldDesignator=C17_DLS Buck4 NewDesignator=C17_DAC_4
Change Component Designator: OldDesignator=C17_DLS Buck5 NewDesignator=C17_DAC_5
Change Component Designator: OldDesignator=C17_DLS Buck6 NewDesignator=C17_DAC_6
Change Component Designator: OldDesignator=C17_DLS Buck7 NewDesignator=C17_DAC_7
Change Component Designator: OldDesignator=C17_DLS Buck8 NewDesignator=C17_DAC_8
Change Component Designator: OldDesignator=C18_DLS Buck1 NewDesignator=C18_DAC_1
Change Component Designator: OldDesignator=C18_DLS Buck2 NewDesignator=C18_DAC_2
Change Component Designator: OldDesignator=C18_DLS Buck3 NewDesignator=C18_DAC_3
Change Component Designator: OldDesignator=C18_DLS Buck4 NewDesignator=C18_DAC_4
Change Component Designator: OldDesignator=C18_DLS Buck5 NewDesignator=C18_DAC_5
Change Component Designator: OldDesignator=C18_DLS Buck6 NewDesignator=C18_DAC_6
Change Component Designator: OldDesignator=C18_DLS Buck7 NewDesignator=C18_DAC_7
Change Component Designator: OldDesignator=C18_DLS Buck8 NewDesignator=C18_DAC_8
Change Component Designator: OldDesignator=C19_DLS Buck1 NewDesignator=C19_DAC_1
Change Component Designator: OldDesignator=C19_DLS Buck2 NewDesignator=C19_DAC_2
Change Component Designator: OldDesignator=C19_DLS Buck3 NewDesignator=C19_DAC_3
Change Component Designator: OldDesignator=C19_DLS Buck4 NewDesignator=C19_DAC_4
Change Component Designator: OldDesignator=C19_DLS Buck5 NewDesignator=C19_DAC_5
Change Component Designator: OldDesignator=C19_DLS Buck6 NewDesignator=C19_DAC_6
Change Component Designator: OldDesignator=C19_DLS Buck7 NewDesignator=C19_DAC_7
Change Component Designator: OldDesignator=C19_DLS Buck8 NewDesignator=C19_DAC_8
Change Component Designator: OldDesignator=C20_DLS Buck1 NewDesignator=C20_DAC_1
Change Component Designator: OldDesignator=C20_DLS Buck2 NewDesignator=C20_DAC_2
Change Component Designator: OldDesignator=C20_DLS Buck3 NewDesignator=C20_DAC_3
Change Component Designator: OldDesignator=C20_DLS Buck4 NewDesignator=C20_DAC_4
Change Component Designator: OldDesignator=C20_DLS Buck5 NewDesignator=C20_DAC_5
Change Component Designator: OldDesignator=C20_DLS Buck6 NewDesignator=C20_DAC_6
Change Component Designator: OldDesignator=C20_DLS Buck7 NewDesignator=C20_DAC_7
Change Component Designator: OldDesignator=C20_DLS Buck8 NewDesignator=C20_DAC_8
Change Component Designator: OldDesignator=C21_DLS Buck1 NewDesignator=C21_DAC_1
Change Component Designator: OldDesignator=C21_DLS Buck2 NewDesignator=C21_DAC_2
Change Component Designator: OldDesignator=C21_DLS Buck3 NewDesignator=C21_DAC_3
Change Component Designator: OldDesignator=C21_DLS Buck4 NewDesignator=C21_DAC_4
Change Component Designator: OldDesignator=C21_DLS Buck5 NewDesignator=C21_DAC_5
Change Component Designator: OldDesignator=C21_DLS Buck6 NewDesignator=C21_DAC_6
Change Component Designator: OldDesignator=C21_DLS Buck7 NewDesignator=C21_DAC_7
Change Component Designator: OldDesignator=C21_DLS Buck8 NewDesignator=C21_DAC_8
Change Component Designator: OldDesignator=D2_DLS Buck1 NewDesignator=D2_DAC_1
Change Component Designator: OldDesignator=D2_DLS Buck2 NewDesignator=D2_DAC_2
Change Component Designator: OldDesignator=D2_DLS Buck3 NewDesignator=D2_DAC_3
Change Component Designator: OldDesignator=D2_DLS Buck4 NewDesignator=D2_DAC_4
Change Component Designator: OldDesignator=D2_DLS Buck5 NewDesignator=D2_DAC_5
Change Component Designator: OldDesignator=D2_DLS Buck6 NewDesignator=D2_DAC_6
Change Component Designator: OldDesignator=D2_DLS Buck7 NewDesignator=D2_DAC_7
Change Component Designator: OldDesignator=D2_DLS Buck8 NewDesignator=D2_DAC_8
Change Component Designator: OldDesignator=L1_DLS Buck1 NewDesignator=L1_DAC_1
Change Component Designator: OldDesignator=L1_DLS Buck2 NewDesignator=L1_DAC_2
Change Component Designator: OldDesignator=L1_DLS Buck3 NewDesignator=L1_DAC_3
Change Component Designator: OldDesignator=L1_DLS Buck4 NewDesignator=L1_DAC_4
Change Component Designator: OldDesignator=L1_DLS Buck5 NewDesignator=L1_DAC_5
Change Component Designator: OldDesignator=L1_DLS Buck6 NewDesignator=L1_DAC_6
Change Component Designator: OldDesignator=L1_DLS Buck7 NewDesignator=L1_DAC_7
Change Component Designator: OldDesignator=L1_DLS Buck8 NewDesignator=L1_DAC_8
Change Component Designator: OldDesignator=Q3_DLS Buck1 NewDesignator=Q3_DAC_1
Change Component Designator: OldDesignator=Q3_DLS Buck2 NewDesignator=Q3_DAC_2
Change Component Designator: OldDesignator=Q3_DLS Buck3 NewDesignator=Q3_DAC_3
Change Component Designator: OldDesignator=Q3_DLS Buck4 NewDesignator=Q3_DAC_4
Change Component Designator: OldDesignator=Q3_DLS Buck5 NewDesignator=Q3_DAC_5
Change Component Designator: OldDesignator=Q3_DLS Buck6 NewDesignator=Q3_DAC_6
Change Component Designator: OldDesignator=Q3_DLS Buck7 NewDesignator=Q3_DAC_7
Change Component Designator: OldDesignator=Q3_DLS Buck8 NewDesignator=Q3_DAC_8
Change Component Designator: OldDesignator=R18_DLS Buck1 NewDesignator=R18_DAC_1
Change Component Designator: OldDesignator=R18_DLS Buck2 NewDesignator=R18_DAC_2
Change Component Designator: OldDesignator=R18_DLS Buck3 NewDesignator=R18_DAC_3
Change Component Designator: OldDesignator=R18_DLS Buck4 NewDesignator=R18_DAC_4
Change Component Designator: OldDesignator=R18_DLS Buck5 NewDesignator=R18_DAC_5
Change Component Designator: OldDesignator=R18_DLS Buck6 NewDesignator=R18_DAC_6
Change Component Designator: OldDesignator=R18_DLS Buck7 NewDesignator=R18_DAC_7
Change Component Designator: OldDesignator=R18_DLS Buck8 NewDesignator=R18_DAC_8
Change Component Designator: OldDesignator=R19_DLS Buck1 NewDesignator=R19_DAC_1
Change Component Designator: OldDesignator=R19_DLS Buck2 NewDesignator=R19_DAC_2
Change Component Designator: OldDesignator=R19_DLS Buck3 NewDesignator=R19_DAC_3
Change Component Designator: OldDesignator=R19_DLS Buck4 NewDesignator=R19_DAC_4
Change Component Designator: OldDesignator=R19_DLS Buck5 NewDesignator=R19_DAC_5
Change Component Designator: OldDesignator=R19_DLS Buck6 NewDesignator=R19_DAC_6
Change Component Designator: OldDesignator=R19_DLS Buck7 NewDesignator=R19_DAC_7
Change Component Designator: OldDesignator=R19_DLS Buck8 NewDesignator=R19_DAC_8
Change Component Designator: OldDesignator=R20_DLS Buck1 NewDesignator=R20_DAC_1
Change Component Designator: OldDesignator=R20_DLS Buck2 NewDesignator=R20_DAC_2
Change Component Designator: OldDesignator=R20_DLS Buck3 NewDesignator=R20_DAC_3
Change Component Designator: OldDesignator=R20_DLS Buck4 NewDesignator=R20_DAC_4
Change Component Designator: OldDesignator=R20_DLS Buck5 NewDesignator=R20_DAC_5
Change Component Designator: OldDesignator=R20_DLS Buck6 NewDesignator=R20_DAC_6
Change Component Designator: OldDesignator=R20_DLS Buck7 NewDesignator=R20_DAC_7
Change Component Designator: OldDesignator=R20_DLS Buck8 NewDesignator=R20_DAC_8
Change Component Designator: OldDesignator=R21_DLS Buck1 NewDesignator=R21_DAC_1
Change Component Designator: OldDesignator=R21_DLS Buck2 NewDesignator=R21_DAC_2
Change Component Designator: OldDesignator=R21_DLS Buck3 NewDesignator=R21_DAC_3
Change Component Designator: OldDesignator=R21_DLS Buck4 NewDesignator=R21_DAC_4
Change Component Designator: OldDesignator=R21_DLS Buck5 NewDesignator=R21_DAC_5
Change Component Designator: OldDesignator=R21_DLS Buck6 NewDesignator=R21_DAC_6
Change Component Designator: OldDesignator=R21_DLS Buck7 NewDesignator=R21_DAC_7
Change Component Designator: OldDesignator=R21_DLS Buck8 NewDesignator=R21_DAC_8
Change Component Designator: OldDesignator=R22_DLS Buck1 NewDesignator=R22_DAC_1
Change Component Designator: OldDesignator=R22_DLS Buck2 NewDesignator=R22_DAC_2
Change Component Designator: OldDesignator=R22_DLS Buck3 NewDesignator=R22_DAC_3
Change Component Designator: OldDesignator=R22_DLS Buck4 NewDesignator=R22_DAC_4
Change Component Designator: OldDesignator=R22_DLS Buck5 NewDesignator=R22_DAC_5
Change Component Designator: OldDesignator=R22_DLS Buck6 NewDesignator=R22_DAC_6
Change Component Designator: OldDesignator=R22_DLS Buck7 NewDesignator=R22_DAC_7
Change Component Designator: OldDesignator=R22_DLS Buck8 NewDesignator=R22_DAC_8
Change Component Designator: OldDesignator=R23_DLS Buck1 NewDesignator=R23_DAC_1
Change Component Designator: OldDesignator=R23_DLS Buck2 NewDesignator=R23_DAC_2
Change Component Designator: OldDesignator=R23_DLS Buck3 NewDesignator=R23_DAC_3
Change Component Designator: OldDesignator=R23_DLS Buck4 NewDesignator=R23_DAC_4
Change Component Designator: OldDesignator=R23_DLS Buck5 NewDesignator=R23_DAC_5
Change Component Designator: OldDesignator=R23_DLS Buck6 NewDesignator=R23_DAC_6
Change Component Designator: OldDesignator=R23_DLS Buck7 NewDesignator=R23_DAC_7
Change Component Designator: OldDesignator=R23_DLS Buck8 NewDesignator=R23_DAC_8
Change Component Designator: OldDesignator=U7_DLS Buck1 NewDesignator=U7_DAC_1
Change Component Designator: OldDesignator=U7_DLS Buck2 NewDesignator=U7_DAC_2
Change Component Designator: OldDesignator=U7_DLS Buck3 NewDesignator=U7_DAC_3
Change Component Designator: OldDesignator=U7_DLS Buck4 NewDesignator=U7_DAC_4
Change Component Designator: OldDesignator=U7_DLS Buck5 NewDesignator=U7_DAC_5
Change Component Designator: OldDesignator=U7_DLS Buck6 NewDesignator=U7_DAC_6
Change Component Designator: OldDesignator=U7_DLS Buck7 NewDesignator=U7_DAC_7
Change Component Designator: OldDesignator=U7_DLS Buck8 NewDesignator=U7_DAC_8
Change Net Name : Old Net Name=NetC17_DLS Buck1_2 New Net Name=NetC17_DAC_1_2
Change Net Name : Old Net Name=NetC17_DLS Buck2_2 New Net Name=NetC17_DAC_2_2
Change Net Name : Old Net Name=NetC17_DLS Buck3_2 New Net Name=NetC17_DAC_3_2
Change Net Name : Old Net Name=NetC17_DLS Buck4_2 New Net Name=NetC17_DAC_4_2
Change Net Name : Old Net Name=NetC17_DLS Buck5_2 New Net Name=NetC17_DAC_5_2
Change Net Name : Old Net Name=NetC17_DLS Buck6_2 New Net Name=NetC17_DAC_6_2
Change Net Name : Old Net Name=NetC17_DLS Buck7_2 New Net Name=NetC17_DAC_7_2
Change Net Name : Old Net Name=NetC17_DLS Buck8_2 New Net Name=NetC17_DAC_8_2
Change Net Name : Old Net Name=NetC18_DLS Buck1_2 New Net Name=NetC18_DAC_1_2
Change Net Name : Old Net Name=NetC18_DLS Buck2_2 New Net Name=NetC18_DAC_2_2
Change Net Name : Old Net Name=NetC18_DLS Buck3_2 New Net Name=NetC18_DAC_3_2
Change Net Name : Old Net Name=NetC18_DLS Buck4_2 New Net Name=NetC18_DAC_4_2
Change Net Name : Old Net Name=NetC18_DLS Buck5_2 New Net Name=NetC18_DAC_5_2
Change Net Name : Old Net Name=NetC18_DLS Buck6_2 New Net Name=NetC18_DAC_6_2
Change Net Name : Old Net Name=NetC18_DLS Buck7_2 New Net Name=NetC18_DAC_7_2
Change Net Name : Old Net Name=NetC18_DLS Buck8_2 New Net Name=NetC18_DAC_8_2
Change Net Name : Old Net Name=NetC19_DLS Buck1_2 New Net Name=NetC19_DAC_1_2
Change Net Name : Old Net Name=NetC20_DLS Buck1_2 New Net Name=NetC20_DAC_1_2
Change Net Name : Old Net Name=NetC20_DLS Buck2_2 New Net Name=NetC20_DAC_2_2
Change Net Name : Old Net Name=NetC20_DLS Buck3_2 New Net Name=NetC20_DAC_3_2
Change Net Name : Old Net Name=NetC20_DLS Buck4_2 New Net Name=NetC20_DAC_4_2
Change Net Name : Old Net Name=NetC20_DLS Buck5_2 New Net Name=NetC20_DAC_5_2
Change Net Name : Old Net Name=NetC20_DLS Buck6_2 New Net Name=NetC20_DAC_6_2
Change Net Name : Old Net Name=NetC20_DLS Buck7_2 New Net Name=NetC20_DAC_7_2
Change Net Name : Old Net Name=NetC20_DLS Buck8_2 New Net Name=NetC20_DAC_8_2
Change Net Name : Old Net Name=NetD2_DLS Buck1_2 New Net Name=NetD2_DAC_1_2
Change Net Name : Old Net Name=NetD2_DLS Buck2_2 New Net Name=NetD2_DAC_2_2
Change Net Name : Old Net Name=NetD2_DLS Buck3_2 New Net Name=NetD2_DAC_3_2
Change Net Name : Old Net Name=NetD2_DLS Buck4_2 New Net Name=NetD2_DAC_4_2
Change Net Name : Old Net Name=NetD2_DLS Buck5_2 New Net Name=NetD2_DAC_5_2
Change Net Name : Old Net Name=NetD2_DLS Buck6_2 New Net Name=NetD2_DAC_6_2
Change Net Name : Old Net Name=NetD2_DLS Buck7_2 New Net Name=NetD2_DAC_7_2
Change Net Name : Old Net Name=NetD2_DLS Buck8_2 New Net Name=NetD2_DAC_8_2
Change Net Name : Old Net Name=NetQ3_DLS Buck1_3 New Net Name=NetQ3_DAC_1_3
Change Net Name : Old Net Name=NetQ3_DLS Buck1_4 New Net Name=NetQ3_DAC_1_4
Change Net Name : Old Net Name=NetQ3_DLS Buck2_3 New Net Name=NetQ3_DAC_2_3
Change Net Name : Old Net Name=NetQ3_DLS Buck2_4 New Net Name=NetQ3_DAC_2_4
Change Net Name : Old Net Name=NetQ3_DLS Buck3_3 New Net Name=NetQ3_DAC_3_3
Change Net Name : Old Net Name=NetQ3_DLS Buck3_4 New Net Name=NetQ3_DAC_3_4
Change Net Name : Old Net Name=NetQ3_DLS Buck4_3 New Net Name=NetQ3_DAC_4_3
Change Net Name : Old Net Name=NetQ3_DLS Buck4_4 New Net Name=NetQ3_DAC_4_4
Change Net Name : Old Net Name=NetQ3_DLS Buck5_3 New Net Name=NetQ3_DAC_5_3
Change Net Name : Old Net Name=NetQ3_DLS Buck5_4 New Net Name=NetQ3_DAC_5_4
Change Net Name : Old Net Name=NetQ3_DLS Buck6_3 New Net Name=NetQ3_DAC_6_3
Change Net Name : Old Net Name=NetQ3_DLS Buck6_4 New Net Name=NetQ3_DAC_6_4
Change Net Name : Old Net Name=NetQ3_DLS Buck7_3 New Net Name=NetQ3_DAC_7_3
Change Net Name : Old Net Name=NetQ3_DLS Buck7_4 New Net Name=NetQ3_DAC_7_4
Change Net Name : Old Net Name=NetQ3_DLS Buck8_3 New Net Name=NetQ3_DAC_8_3
Change Net Name : Old Net Name=NetQ3_DLS Buck8_4 New Net Name=NetQ3_DAC_8_4
Change Net Name : Old Net Name=NetR19_DLS Buck1_2 New Net Name=NetR19_DAC_1_2
Change Net Name : Old Net Name=NetR19_DLS Buck2_2 New Net Name=NetR19_DAC_2_2
Change Net Name : Old Net Name=NetR19_DLS Buck3_2 New Net Name=NetR19_DAC_3_2
Change Net Name : Old Net Name=NetR19_DLS Buck4_2 New Net Name=NetR19_DAC_4_2
Change Net Name : Old Net Name=NetR19_DLS Buck5_2 New Net Name=NetR19_DAC_5_2
Change Net Name : Old Net Name=NetR19_DLS Buck6_2 New Net Name=NetR19_DAC_6_2
Change Net Name : Old Net Name=NetR19_DLS Buck7_2 New Net Name=NetR19_DAC_7_2
Change Net Name : Old Net Name=NetR19_DLS Buck8_2 New Net Name=NetR19_DAC_8_2
Change Net Name : Old Net Name=NetR20_DLS Buck1_1 New Net Name=NetR20_DAC_1_1
Change Net Name : Old Net Name=NetR20_DLS Buck2_1 New Net Name=NetR20_DAC_2_1
Change Net Name : Old Net Name=NetR20_DLS Buck3_1 New Net Name=NetR20_DAC_3_1
Change Net Name : Old Net Name=NetR20_DLS Buck4_1 New Net Name=NetR20_DAC_4_1
Change Net Name : Old Net Name=NetR20_DLS Buck5_1 New Net Name=NetR20_DAC_5_1
Change Net Name : Old Net Name=NetR20_DLS Buck6_1 New Net Name=NetR20_DAC_6_1
Change Net Name : Old Net Name=NetR20_DLS Buck7_1 New Net Name=NetR20_DAC_7_1
Change Net Name : Old Net Name=NetR20_DLS Buck8_1 New Net Name=NetR20_DAC_8_1
Change Net Name : Old Net Name=V_COB__DLS Buck1 New Net Name=V_COB__DAC_1
Change Class Name : Old Net Name=DLS Buck1 New Net Name=DAC_1
Change Class Name : Old Net Name=DLS Buck2 New Net Name=DAC_2
Change Class Name : Old Net Name=DLS Buck3 New Net Name=DAC_3
Change Class Name : Old Net Name=DLS Buck4 New Net Name=DAC_4
Change Class Name : Old Net Name=DLS Buck5 New Net Name=DAC_5
Change Class Name : Old Net Name=DLS Buck6 New Net Name=DAC_6
Change Class Name : Old Net Name=DLS Buck7 New Net Name=DAC_7
Change Class Name : Old Net Name=DLS Buck8 New Net Name=DAC_8
Added Member To Class: ClassName=Buck_DLS Member=DAC_1 (Buck_DLS.SchDoc)
Added Member To Class: ClassName=Buck_DLS Member=DAC_2 (Buck_DLS.SchDoc)
Added Member To Class: ClassName=Buck_DLS Member=DAC_3 (Buck_DLS.SchDoc)
Added Member To Class: ClassName=Buck_DLS Member=DAC_4 (Buck_DLS.SchDoc)
Added Member To Class: ClassName=Buck_DLS Member=DAC_5 (Buck_DLS.SchDoc)
Added Member To Class: ClassName=Buck_DLS Member=DAC_6 (Buck_DLS.SchDoc)
Added Member To Class: ClassName=Buck_DLS Member=DAC_7 (Buck_DLS.SchDoc)
Added Member To Class: ClassName=Buck_DLS Member=DAC_8 (Buck_DLS.SchDoc)
