Removed Member From Class: ClassName=V_COB_[1..8] Member=V_COB__DAC_1
Removed Member From Class: ClassName=Buck_DLS Member=DAC_1
Removed Member From Class: ClassName=Buck_DLS Member=DAC_2
Removed Member From Class: ClassName=Buck_DLS Member=DAC_3
Removed Member From Class: ClassName=Buck_DLS Member=DAC_4
Removed Member From Class: ClassName=Buck_DLS Member=DAC_5
Removed Member From Class: ClassName=Buck_DLS Member=DAC_6
Removed Member From Class: ClassName=Buck_DLS Member=DAC_7
Removed Member From Class: ClassName=Buck_DLS Member=DAC_8
Change Component Designator: OldDesignator=C17_DAC_1 NewDesignator=C17_Buck1
Change Component Designator: OldDesignator=C17_DAC_2 NewDesignator=C17_Buck2
Change Component Designator: OldDesignator=C17_DAC_3 NewDesignator=C17_Buck3
Change Component Designator: OldDesignator=C17_DAC_4 NewDesignator=C17_Buck4
Change Component Designator: OldDesignator=C17_DAC_5 NewDesignator=C17_Buck5
Change Component Designator: OldDesignator=C17_DAC_6 NewDesignator=C17_Buck6
Change Component Designator: OldDesignator=C17_DAC_7 NewDesignator=C17_Buck7
Change Component Designator: OldDesignator=C17_DAC_8 NewDesignator=C17_Buck8
Change Component Designator: OldDesignator=C18_DAC_1 NewDesignator=C18_Buck1
Change Component Designator: OldDesignator=C18_DAC_2 NewDesignator=C18_Buck2
Change Component Designator: OldDesignator=C18_DAC_3 NewDesignator=C18_Buck3
Change Component Designator: OldDesignator=C18_DAC_4 NewDesignator=C18_Buck4
Change Component Designator: OldDesignator=C18_DAC_5 NewDesignator=C18_Buck5
Change Component Designator: OldDesignator=C18_DAC_6 NewDesignator=C18_Buck6
Change Component Designator: OldDesignator=C18_DAC_7 NewDesignator=C18_Buck7
Change Component Designator: OldDesignator=C18_DAC_8 NewDesignator=C18_Buck8
Change Component Designator: OldDesignator=C19_DAC_1 NewDesignator=C19_Buck1
Change Component Designator: OldDesignator=C19_DAC_2 NewDesignator=C19_Buck2
Change Component Designator: OldDesignator=C19_DAC_3 NewDesignator=C19_Buck3
Change Component Designator: OldDesignator=C19_DAC_4 NewDesignator=C19_Buck4
Change Component Designator: OldDesignator=C19_DAC_5 NewDesignator=C19_Buck5
Change Component Designator: OldDesignator=C19_DAC_6 NewDesignator=C19_Buck6
Change Component Designator: OldDesignator=C19_DAC_7 NewDesignator=C19_Buck7
Change Component Designator: OldDesignator=C19_DAC_8 NewDesignator=C19_Buck8
Change Component Designator: OldDesignator=C20_DAC_1 NewDesignator=C20_Buck1
Change Component Designator: OldDesignator=C20_DAC_2 NewDesignator=C20_Buck2
Change Component Designator: OldDesignator=C20_DAC_3 NewDesignator=C20_Buck3
Change Component Designator: OldDesignator=C20_DAC_4 NewDesignator=C20_Buck4
Change Component Designator: OldDesignator=C20_DAC_5 NewDesignator=C20_Buck5
Change Component Designator: OldDesignator=C20_DAC_6 NewDesignator=C20_Buck6
Change Component Designator: OldDesignator=C20_DAC_7 NewDesignator=C20_Buck7
Change Component Designator: OldDesignator=C20_DAC_8 NewDesignator=C20_Buck8
Change Component Designator: OldDesignator=C21_DAC_1 NewDesignator=C21_Buck1
Change Component Designator: OldDesignator=C21_DAC_2 NewDesignator=C21_Buck2
Change Component Designator: OldDesignator=C21_DAC_3 NewDesignator=C21_Buck3
Change Component Designator: OldDesignator=C21_DAC_4 NewDesignator=C21_Buck4
Change Component Designator: OldDesignator=C21_DAC_5 NewDesignator=C21_Buck5
Change Component Designator: OldDesignator=C21_DAC_6 NewDesignator=C21_Buck6
Change Component Designator: OldDesignator=C21_DAC_7 NewDesignator=C21_Buck7
Change Component Designator: OldDesignator=C21_DAC_8 NewDesignator=C21_Buck8
Change Component Designator: OldDesignator=D2_DAC_1 NewDesignator=D2_Buck1
Change Component Designator: OldDesignator=D2_DAC_2 NewDesignator=D2_Buck2
Change Component Designator: OldDesignator=D2_DAC_3 NewDesignator=D2_Buck3
Change Component Designator: OldDesignator=D2_DAC_4 NewDesignator=D2_Buck4
Change Component Designator: OldDesignator=D2_DAC_5 NewDesignator=D2_Buck5
Change Component Designator: OldDesignator=D2_DAC_6 NewDesignator=D2_Buck6
Change Component Designator: OldDesignator=D2_DAC_7 NewDesignator=D2_Buck7
Change Component Designator: OldDesignator=D2_DAC_8 NewDesignator=D2_Buck8
Change Component Designator: OldDesignator=L1_DAC_1 NewDesignator=L1_Buck1
Change Component Designator: OldDesignator=L1_DAC_2 NewDesignator=L1_Buck2
Change Component Designator: OldDesignator=L1_DAC_3 NewDesignator=L1_Buck3
Change Component Designator: OldDesignator=L1_DAC_4 NewDesignator=L1_Buck4
Change Component Designator: OldDesignator=L1_DAC_5 NewDesignator=L1_Buck5
Change Component Designator: OldDesignator=L1_DAC_6 NewDesignator=L1_Buck6
Change Component Designator: OldDesignator=L1_DAC_7 NewDesignator=L1_Buck7
Change Component Designator: OldDesignator=L1_DAC_8 NewDesignator=L1_Buck8
Change Component Designator: OldDesignator=Q3_DAC_1 NewDesignator=Q3_Buck1
Change Component Designator: OldDesignator=Q3_DAC_2 NewDesignator=Q3_Buck2
Change Component Designator: OldDesignator=Q3_DAC_3 NewDesignator=Q3_Buck3
Change Component Designator: OldDesignator=Q3_DAC_4 NewDesignator=Q3_Buck4
Change Component Designator: OldDesignator=Q3_DAC_5 NewDesignator=Q3_Buck5
Change Component Designator: OldDesignator=Q3_DAC_6 NewDesignator=Q3_Buck6
Change Component Designator: OldDesignator=Q3_DAC_7 NewDesignator=Q3_Buck7
Change Component Designator: OldDesignator=Q3_DAC_8 NewDesignator=Q3_Buck8
Change Component Designator: OldDesignator=R18_DAC_1 NewDesignator=R18_Buck1
Change Component Designator: OldDesignator=R18_DAC_2 NewDesignator=R18_Buck2
Change Component Designator: OldDesignator=R18_DAC_3 NewDesignator=R18_Buck3
Change Component Designator: OldDesignator=R18_DAC_4 NewDesignator=R18_Buck4
Change Component Designator: OldDesignator=R18_DAC_5 NewDesignator=R18_Buck5
Change Component Designator: OldDesignator=R18_DAC_6 NewDesignator=R18_Buck6
Change Component Designator: OldDesignator=R18_DAC_7 NewDesignator=R18_Buck7
Change Component Designator: OldDesignator=R18_DAC_8 NewDesignator=R18_Buck8
Change Component Designator: OldDesignator=R19_DAC_1 NewDesignator=R19_Buck1
Change Component Designator: OldDesignator=R19_DAC_2 NewDesignator=R19_Buck2
Change Component Designator: OldDesignator=R19_DAC_3 NewDesignator=R19_Buck3
Change Component Designator: OldDesignator=R19_DAC_4 NewDesignator=R19_Buck4
Change Component Designator: OldDesignator=R19_DAC_5 NewDesignator=R19_Buck5
Change Component Designator: OldDesignator=R19_DAC_6 NewDesignator=R19_Buck6
Change Component Designator: OldDesignator=R19_DAC_7 NewDesignator=R19_Buck7
Change Component Designator: OldDesignator=R19_DAC_8 NewDesignator=R19_Buck8
Change Component Designator: OldDesignator=R20_DAC_1 NewDesignator=R20_Buck1
Change Component Designator: OldDesignator=R20_DAC_2 NewDesignator=R20_Buck2
Change Component Designator: OldDesignator=R20_DAC_3 NewDesignator=R20_Buck3
Change Component Designator: OldDesignator=R20_DAC_4 NewDesignator=R20_Buck4
Change Component Designator: OldDesignator=R20_DAC_5 NewDesignator=R20_Buck5
Change Component Designator: OldDesignator=R20_DAC_6 NewDesignator=R20_Buck6
Change Component Designator: OldDesignator=R20_DAC_7 NewDesignator=R20_Buck7
Change Component Designator: OldDesignator=R20_DAC_8 NewDesignator=R20_Buck8
Change Component Designator: OldDesignator=R21_DAC_1 NewDesignator=R21_Buck1
Change Component Designator: OldDesignator=R21_DAC_2 NewDesignator=R21_Buck2
Change Component Designator: OldDesignator=R21_DAC_3 NewDesignator=R21_Buck3
Change Component Designator: OldDesignator=R21_DAC_4 NewDesignator=R21_Buck4
Change Component Designator: OldDesignator=R21_DAC_5 NewDesignator=R21_Buck5
Change Component Designator: OldDesignator=R21_DAC_6 NewDesignator=R21_Buck6
Change Component Designator: OldDesignator=R21_DAC_7 NewDesignator=R21_Buck7
Change Component Designator: OldDesignator=R21_DAC_8 NewDesignator=R21_Buck8
Change Component Designator: OldDesignator=R22_DAC_1 NewDesignator=R22_Buck1
Change Component Designator: OldDesignator=R22_DAC_2 NewDesignator=R22_Buck2
Change Component Designator: OldDesignator=R22_DAC_3 NewDesignator=R22_Buck3
Change Component Designator: OldDesignator=R22_DAC_4 NewDesignator=R22_Buck4
Change Component Designator: OldDesignator=R22_DAC_5 NewDesignator=R22_Buck5
Change Component Designator: OldDesignator=R22_DAC_6 NewDesignator=R22_Buck6
Change Component Designator: OldDesignator=R22_DAC_7 NewDesignator=R22_Buck7
Change Component Designator: OldDesignator=R22_DAC_8 NewDesignator=R22_Buck8
Change Component Designator: OldDesignator=R23_DAC_1 NewDesignator=R23_Buck1
Change Component Designator: OldDesignator=R23_DAC_2 NewDesignator=R23_Buck2
Change Component Designator: OldDesignator=R23_DAC_3 NewDesignator=R23_Buck3
Change Component Designator: OldDesignator=R23_DAC_4 NewDesignator=R23_Buck4
Change Component Designator: OldDesignator=R23_DAC_5 NewDesignator=R23_Buck5
Change Component Designator: OldDesignator=R23_DAC_6 NewDesignator=R23_Buck6
Change Component Designator: OldDesignator=R23_DAC_7 NewDesignator=R23_Buck7
Change Component Designator: OldDesignator=R23_DAC_8 NewDesignator=R23_Buck8
Change Component Designator: OldDesignator=U7_DAC_1 NewDesignator=U7_Buck1
Change Component Designator: OldDesignator=U7_DAC_2 NewDesignator=U7_Buck2
Change Component Designator: OldDesignator=U7_DAC_3 NewDesignator=U7_Buck3
Change Component Designator: OldDesignator=U7_DAC_4 NewDesignator=U7_Buck4
Change Component Designator: OldDesignator=U7_DAC_5 NewDesignator=U7_Buck5
Change Component Designator: OldDesignator=U7_DAC_6 NewDesignator=U7_Buck6
Change Component Designator: OldDesignator=U7_DAC_7 NewDesignator=U7_Buck7
Change Component Designator: OldDesignator=U7_DAC_8 NewDesignator=U7_Buck8
Change Net Name : Old Net Name=NetC17_DAC_1_2 New Net Name=NetC17_Buck1_2
Change Net Name : Old Net Name=NetC17_DAC_2_2 New Net Name=NetC17_Buck2_2
Change Net Name : Old Net Name=NetC17_DAC_3_2 New Net Name=NetC17_Buck3_2
Change Net Name : Old Net Name=NetC17_DAC_4_2 New Net Name=NetC17_Buck4_2
Change Net Name : Old Net Name=NetC17_DAC_5_2 New Net Name=NetC17_Buck5_2
Change Net Name : Old Net Name=NetC17_DAC_6_2 New Net Name=NetC17_Buck6_2
Change Net Name : Old Net Name=NetC17_DAC_7_2 New Net Name=NetC17_Buck7_2
Change Net Name : Old Net Name=NetC17_DAC_8_2 New Net Name=NetC17_Buck8_2
Change Net Name : Old Net Name=NetC18_DAC_1_2 New Net Name=NetC18_Buck1_2
Change Net Name : Old Net Name=NetC18_DAC_2_2 New Net Name=NetC18_Buck2_2
Change Net Name : Old Net Name=NetC18_DAC_3_2 New Net Name=NetC18_Buck3_2
Change Net Name : Old Net Name=NetC18_DAC_4_2 New Net Name=NetC18_Buck4_2
Change Net Name : Old Net Name=NetC18_DAC_5_2 New Net Name=NetC18_Buck5_2
Change Net Name : Old Net Name=NetC18_DAC_6_2 New Net Name=NetC18_Buck6_2
Change Net Name : Old Net Name=NetC18_DAC_7_2 New Net Name=NetC18_Buck7_2
Change Net Name : Old Net Name=NetC18_DAC_8_2 New Net Name=NetC18_Buck8_2
Change Net Name : Old Net Name=NetC19_DAC_1_2 New Net Name=NetC19_Buck1_2
Change Net Name : Old Net Name=NetC20_DAC_1_2 New Net Name=NetC20_Buck1_2
Change Net Name : Old Net Name=NetC20_DAC_2_2 New Net Name=NetC20_Buck2_2
Change Net Name : Old Net Name=NetC20_DAC_3_2 New Net Name=NetC20_Buck3_2
Change Net Name : Old Net Name=NetC20_DAC_4_2 New Net Name=NetC20_Buck4_2
Change Net Name : Old Net Name=NetC20_DAC_5_2 New Net Name=NetC20_Buck5_2
Change Net Name : Old Net Name=NetC20_DAC_6_2 New Net Name=NetC20_Buck6_2
Change Net Name : Old Net Name=NetC20_DAC_7_2 New Net Name=NetC20_Buck7_2
Change Net Name : Old Net Name=NetC20_DAC_8_2 New Net Name=NetC20_Buck8_2
Change Net Name : Old Net Name=NetD2_DAC_1_2 New Net Name=NetD2_Buck1_2
Change Net Name : Old Net Name=NetD2_DAC_2_2 New Net Name=NetD2_Buck2_2
Change Net Name : Old Net Name=NetD2_DAC_3_2 New Net Name=NetD2_Buck3_2
Change Net Name : Old Net Name=NetD2_DAC_4_2 New Net Name=NetD2_Buck4_2
Change Net Name : Old Net Name=NetD2_DAC_5_2 New Net Name=NetD2_Buck5_2
Change Net Name : Old Net Name=NetD2_DAC_6_2 New Net Name=NetD2_Buck6_2
Change Net Name : Old Net Name=NetD2_DAC_7_2 New Net Name=NetD2_Buck7_2
Change Net Name : Old Net Name=NetD2_DAC_8_2 New Net Name=NetD2_Buck8_2
Change Net Name : Old Net Name=NetQ3_DAC_1_3 New Net Name=NetQ3_Buck1_3
Change Net Name : Old Net Name=NetQ3_DAC_1_4 New Net Name=NetQ3_Buck1_4
Change Net Name : Old Net Name=NetQ3_DAC_2_3 New Net Name=NetQ3_Buck2_3
Change Net Name : Old Net Name=NetQ3_DAC_2_4 New Net Name=NetQ3_Buck2_4
Change Net Name : Old Net Name=NetQ3_DAC_3_3 New Net Name=NetQ3_Buck3_3
Change Net Name : Old Net Name=NetQ3_DAC_3_4 New Net Name=NetQ3_Buck3_4
Change Net Name : Old Net Name=NetQ3_DAC_4_3 New Net Name=NetQ3_Buck4_3
Change Net Name : Old Net Name=NetQ3_DAC_4_4 New Net Name=NetQ3_Buck4_4
Change Net Name : Old Net Name=NetQ3_DAC_5_3 New Net Name=NetQ3_Buck5_3
Change Net Name : Old Net Name=NetQ3_DAC_5_4 New Net Name=NetQ3_Buck5_4
Change Net Name : Old Net Name=NetQ3_DAC_6_3 New Net Name=NetQ3_Buck6_3
Change Net Name : Old Net Name=NetQ3_DAC_6_4 New Net Name=NetQ3_Buck6_4
Change Net Name : Old Net Name=NetQ3_DAC_7_3 New Net Name=NetQ3_Buck7_3
Change Net Name : Old Net Name=NetQ3_DAC_7_4 New Net Name=NetQ3_Buck7_4
Change Net Name : Old Net Name=NetQ3_DAC_8_3 New Net Name=NetQ3_Buck8_3
Change Net Name : Old Net Name=NetQ3_DAC_8_4 New Net Name=NetQ3_Buck8_4
Change Net Name : Old Net Name=NetR19_DAC_1_2 New Net Name=NetR19_Buck1_2
Change Net Name : Old Net Name=NetR19_DAC_2_2 New Net Name=NetR19_Buck2_2
Change Net Name : Old Net Name=NetR19_DAC_3_2 New Net Name=NetR19_Buck3_2
Change Net Name : Old Net Name=NetR19_DAC_4_2 New Net Name=NetR19_Buck4_2
Change Net Name : Old Net Name=NetR19_DAC_5_2 New Net Name=NetR19_Buck5_2
Change Net Name : Old Net Name=NetR19_DAC_6_2 New Net Name=NetR19_Buck6_2
Change Net Name : Old Net Name=NetR19_DAC_7_2 New Net Name=NetR19_Buck7_2
Change Net Name : Old Net Name=NetR19_DAC_8_2 New Net Name=NetR19_Buck8_2
Change Net Name : Old Net Name=NetR20_DAC_1_1 New Net Name=NetR20_Buck1_1
Change Net Name : Old Net Name=NetR20_DAC_2_1 New Net Name=NetR20_Buck2_1
Change Net Name : Old Net Name=NetR20_DAC_3_1 New Net Name=NetR20_Buck3_1
Change Net Name : Old Net Name=NetR20_DAC_4_1 New Net Name=NetR20_Buck4_1
Change Net Name : Old Net Name=NetR20_DAC_5_1 New Net Name=NetR20_Buck5_1
Change Net Name : Old Net Name=NetR20_DAC_6_1 New Net Name=NetR20_Buck6_1
Change Net Name : Old Net Name=NetR20_DAC_7_1 New Net Name=NetR20_Buck7_1
Change Net Name : Old Net Name=NetR20_DAC_8_1 New Net Name=NetR20_Buck8_1
Change Net Name : Old Net Name=V_COB__DAC_1 New Net Name=V_COB__Buck1
Change Class Name : Old Net Name=DAC_1 New Net Name=Buck1
Change Class Name : Old Net Name=DAC_2 New Net Name=Buck2
Change Class Name : Old Net Name=DAC_3 New Net Name=Buck3
Change Class Name : Old Net Name=DAC_4 New Net Name=Buck4
Change Class Name : Old Net Name=DAC_5 New Net Name=Buck5
Change Class Name : Old Net Name=DAC_6 New Net Name=Buck6
Change Class Name : Old Net Name=DAC_7 New Net Name=Buck7
Change Class Name : Old Net Name=DAC_8 New Net Name=Buck8
Added Member To Class: ClassName=Buck_DLS Member=Buck1 (Buck_DLS.SchDoc)
Added Member To Class: ClassName=Buck_DLS Member=Buck2 (Buck_DLS.SchDoc)
Added Member To Class: ClassName=Buck_DLS Member=Buck3 (Buck_DLS.SchDoc)
Added Member To Class: ClassName=Buck_DLS Member=Buck4 (Buck_DLS.SchDoc)
Added Member To Class: ClassName=Buck_DLS Member=Buck5 (Buck_DLS.SchDoc)
Added Member To Class: ClassName=Buck_DLS Member=Buck6 (Buck_DLS.SchDoc)
Added Member To Class: ClassName=Buck_DLS Member=Buck7 (Buck_DLS.SchDoc)
Added Member To Class: ClassName=Buck_DLS Member=Buck8 (Buck_DLS.SchDoc)
