Removed Pin From Net: NetName=NetQ3_Buck1_4 Pin=R22_Buck1-2
Removed Pin From Net: NetName=NetQ3_Buck2_4 Pin=R22_Buck2-2
Removed Pin From Net: NetName=NetQ3_Buck3_4 Pin=R22_Buck3-2
Removed Pin From Net: NetName=NetQ3_Buck4_4 Pin=R22_Buck4-2
Removed Pin From Net: NetName=NetQ3_Buck5_4 Pin=R22_Buck5-2
Removed Pin From Net: NetName=NetQ3_Buck6_4 Pin=R22_Buck6-2
Removed Pin From Net: NetName=NetQ3_Buck7_4 Pin=R22_Buck7-2
Removed Pin From Net: NetName=NetQ3_Buck8_4 Pin=R22_Buck8-2
Change Component Footprint: Designator=C19_Buck1 Old Footprint=FP-C3216-160-0_2-IPC_B New Footprint=FP-GRT319-0_15-IPC_C
Change Component Footprint: Designator=C19_Buck2 Old Footprint=FP-C3216-160-0_2-IPC_B New Footprint=FP-GRT319-0_15-IPC_C
Change Component Footprint: Designator=C19_Buck3 Old Footprint=FP-C3216-160-0_2-IPC_B New Footprint=FP-GRT319-0_15-IPC_C
Change Component Footprint: Designator=C19_Buck4 Old Footprint=FP-C3216-160-0_2-IPC_B New Footprint=FP-GRT319-0_15-IPC_C
Change Component Footprint: Designator=C19_Buck5 Old Footprint=FP-C3216-160-0_2-IPC_B New Footprint=FP-GRT319-0_15-IPC_C
Change Component Footprint: Designator=C19_Buck6 Old Footprint=FP-C3216-160-0_2-IPC_B New Footprint=FP-GRT319-0_15-IPC_C
Change Component Footprint: Designator=C19_Buck7 Old Footprint=FP-C3216-160-0_2-IPC_B New Footprint=FP-GRT319-0_15-IPC_C
Change Component Footprint: Designator=C19_Buck8 Old Footprint=FP-C3216-160-0_2-IPC_B New Footprint=FP-GRT319-0_15-IPC_C
Change Component Footprint: Designator=R22_Buck1 Old Footprint=RES_ERJ6ENF1002V New Footprint=FP-CRGP1206-IPC_C
Change Component Footprint: Designator=R22_Buck2 Old Footprint=RES_ERJ6ENF1002V New Footprint=FP-CRGP1206-IPC_C
Change Component Footprint: Designator=R22_Buck3 Old Footprint=RES_ERJ6ENF1002V New Footprint=FP-CRGP1206-IPC_C
Change Component Footprint: Designator=R22_Buck4 Old Footprint=RES_ERJ6ENF1002V New Footprint=FP-CRGP1206-IPC_C
Change Component Footprint: Designator=R22_Buck5 Old Footprint=RES_ERJ6ENF1002V New Footprint=FP-CRGP1206-IPC_C
Change Component Footprint: Designator=R22_Buck6 Old Footprint=RES_ERJ6ENF1002V New Footprint=FP-CRGP1206-IPC_C
Change Component Footprint: Designator=R22_Buck7 Old Footprint=RES_ERJ6ENF1002V New Footprint=FP-CRGP1206-IPC_C
Change Component Footprint: Designator=R22_Buck8 Old Footprint=RES_ERJ6ENF1002V New Footprint=FP-CRGP1206-IPC_C
Change Component Comment : Designator=R22_Buck1 Old Comment=18R New Comment=18?
Change Component Comment : Designator=R22_Buck2 Old Comment=18R New Comment=18?
Change Component Comment : Designator=R22_Buck3 Old Comment=18R New Comment=18?
Change Component Comment : Designator=R22_Buck4 Old Comment=18R New Comment=18?
Change Component Comment : Designator=R22_Buck5 Old Comment=18R New Comment=18?
Change Component Comment : Designator=R22_Buck6 Old Comment=18R New Comment=18?
Change Component Comment : Designator=R22_Buck7 Old Comment=18R New Comment=18?
Change Component Comment : Designator=R22_Buck8 Old Comment=18R New Comment=18?
Change Component Comment : Designator=C19_Buck1 Old Comment=22uF New Comment=10uF
Change Component Comment : Designator=C19_Buck2 Old Comment=22uF New Comment=10uF
Change Component Comment : Designator=C19_Buck3 Old Comment=22uF New Comment=10uF
Change Component Comment : Designator=C19_Buck4 Old Comment=22uF New Comment=10uF
Change Component Comment : Designator=C19_Buck5 Old Comment=22uF New Comment=10uF
Change Component Comment : Designator=C19_Buck6 Old Comment=22uF New Comment=10uF
Change Component Comment : Designator=C19_Buck7 Old Comment=22uF New Comment=10uF
Change Component Comment : Designator=C19_Buck8 Old Comment=22uF New Comment=10uF
Change Managed Component Library Link : Designator=C19_Buck1 Old VaultGUID=B7D15EC3-160A-466F-A46C-7801FE6295A7 New VaultGUID=B7D15EC3-160A-466F-A46C-7801FE6295A7 Old ItemGUID=F4C92E02-4EAB-4A2C-BFA2-3EC1B72DE0AC New ItemGUID=FA5C8F4D-C4DC-49B0-A68D-39E8331CBC51 Old RevisionGUID=2BC7A2F2-4B6A-4C14-93B7-12275AB1857F New RevisionGUID=D50E06AA-A659-48B3-BE07-6F705EFF0F23
Change Managed Component Library Link : Designator=C19_Buck2 Old VaultGUID=B7D15EC3-160A-466F-A46C-7801FE6295A7 New VaultGUID=B7D15EC3-160A-466F-A46C-7801FE6295A7 Old ItemGUID=F4C92E02-4EAB-4A2C-BFA2-3EC1B72DE0AC New ItemGUID=FA5C8F4D-C4DC-49B0-A68D-39E8331CBC51 Old RevisionGUID=2BC7A2F2-4B6A-4C14-93B7-12275AB1857F New RevisionGUID=D50E06AA-A659-48B3-BE07-6F705EFF0F23
Change Managed Component Library Link : Designator=C19_Buck3 Old VaultGUID=B7D15EC3-160A-466F-A46C-7801FE6295A7 New VaultGUID=B7D15EC3-160A-466F-A46C-7801FE6295A7 Old ItemGUID=F4C92E02-4EAB-4A2C-BFA2-3EC1B72DE0AC New ItemGUID=FA5C8F4D-C4DC-49B0-A68D-39E8331CBC51 Old RevisionGUID=2BC7A2F2-4B6A-4C14-93B7-12275AB1857F New RevisionGUID=D50E06AA-A659-48B3-BE07-6F705EFF0F23
Change Managed Component Library Link : Designator=C19_Buck4 Old VaultGUID=B7D15EC3-160A-466F-A46C-7801FE6295A7 New VaultGUID=B7D15EC3-160A-466F-A46C-7801FE6295A7 Old ItemGUID=F4C92E02-4EAB-4A2C-BFA2-3EC1B72DE0AC New ItemGUID=FA5C8F4D-C4DC-49B0-A68D-39E8331CBC51 Old RevisionGUID=2BC7A2F2-4B6A-4C14-93B7-12275AB1857F New RevisionGUID=D50E06AA-A659-48B3-BE07-6F705EFF0F23
Change Managed Component Library Link : Designator=C19_Buck5 Old VaultGUID=B7D15EC3-160A-466F-A46C-7801FE6295A7 New VaultGUID=B7D15EC3-160A-466F-A46C-7801FE6295A7 Old ItemGUID=F4C92E02-4EAB-4A2C-BFA2-3EC1B72DE0AC New ItemGUID=FA5C8F4D-C4DC-49B0-A68D-39E8331CBC51 Old RevisionGUID=2BC7A2F2-4B6A-4C14-93B7-12275AB1857F New RevisionGUID=D50E06AA-A659-48B3-BE07-6F705EFF0F23
Change Managed Component Library Link : Designator=C19_Buck6 Old VaultGUID=B7D15EC3-160A-466F-A46C-7801FE6295A7 New VaultGUID=B7D15EC3-160A-466F-A46C-7801FE6295A7 Old ItemGUID=F4C92E02-4EAB-4A2C-BFA2-3EC1B72DE0AC New ItemGUID=FA5C8F4D-C4DC-49B0-A68D-39E8331CBC51 Old RevisionGUID=2BC7A2F2-4B6A-4C14-93B7-12275AB1857F New RevisionGUID=D50E06AA-A659-48B3-BE07-6F705EFF0F23
Change Managed Component Library Link : Designator=C19_Buck7 Old VaultGUID=B7D15EC3-160A-466F-A46C-7801FE6295A7 New VaultGUID=B7D15EC3-160A-466F-A46C-7801FE6295A7 Old ItemGUID=F4C92E02-4EAB-4A2C-BFA2-3EC1B72DE0AC New ItemGUID=FA5C8F4D-C4DC-49B0-A68D-39E8331CBC51 Old RevisionGUID=2BC7A2F2-4B6A-4C14-93B7-12275AB1857F New RevisionGUID=D50E06AA-A659-48B3-BE07-6F705EFF0F23
Change Managed Component Library Link : Designator=C19_Buck8 Old VaultGUID=B7D15EC3-160A-466F-A46C-7801FE6295A7 New VaultGUID=B7D15EC3-160A-466F-A46C-7801FE6295A7 Old ItemGUID=F4C92E02-4EAB-4A2C-BFA2-3EC1B72DE0AC New ItemGUID=FA5C8F4D-C4DC-49B0-A68D-39E8331CBC51 Old RevisionGUID=2BC7A2F2-4B6A-4C14-93B7-12275AB1857F New RevisionGUID=D50E06AA-A659-48B3-BE07-6F705EFF0F23
Change Managed Component Library Link : Designator=R22_Buck1 Old VaultGUID= New VaultGUID=B7D15EC3-160A-466F-A46C-7801FE6295A7 Old ItemGUID= New ItemGUID=D575BEE0-85F0-4A78-B58E-45691C16A09F Old RevisionGUID= New RevisionGUID=E5FB6D5A-314E-4FCA-BA56-74D5219E1C99
Change Managed Component Library Link : Designator=R22_Buck2 Old VaultGUID= New VaultGUID=B7D15EC3-160A-466F-A46C-7801FE6295A7 Old ItemGUID= New ItemGUID=D575BEE0-85F0-4A78-B58E-45691C16A09F Old RevisionGUID= New RevisionGUID=E5FB6D5A-314E-4FCA-BA56-74D5219E1C99
Change Managed Component Library Link : Designator=R22_Buck3 Old VaultGUID= New VaultGUID=B7D15EC3-160A-466F-A46C-7801FE6295A7 Old ItemGUID= New ItemGUID=D575BEE0-85F0-4A78-B58E-45691C16A09F Old RevisionGUID= New RevisionGUID=E5FB6D5A-314E-4FCA-BA56-74D5219E1C99
Change Managed Component Library Link : Designator=R22_Buck4 Old VaultGUID= New VaultGUID=B7D15EC3-160A-466F-A46C-7801FE6295A7 Old ItemGUID= New ItemGUID=D575BEE0-85F0-4A78-B58E-45691C16A09F Old RevisionGUID= New RevisionGUID=E5FB6D5A-314E-4FCA-BA56-74D5219E1C99
Change Managed Component Library Link : Designator=R22_Buck5 Old VaultGUID= New VaultGUID=B7D15EC3-160A-466F-A46C-7801FE6295A7 Old ItemGUID= New ItemGUID=D575BEE0-85F0-4A78-B58E-45691C16A09F Old RevisionGUID= New RevisionGUID=E5FB6D5A-314E-4FCA-BA56-74D5219E1C99
Change Managed Component Library Link : Designator=R22_Buck6 Old VaultGUID= New VaultGUID=B7D15EC3-160A-466F-A46C-7801FE6295A7 Old ItemGUID= New ItemGUID=D575BEE0-85F0-4A78-B58E-45691C16A09F Old RevisionGUID= New RevisionGUID=E5FB6D5A-314E-4FCA-BA56-74D5219E1C99
Change Managed Component Library Link : Designator=R22_Buck7 Old VaultGUID= New VaultGUID=B7D15EC3-160A-466F-A46C-7801FE6295A7 Old ItemGUID= New ItemGUID=D575BEE0-85F0-4A78-B58E-45691C16A09F Old RevisionGUID= New RevisionGUID=E5FB6D5A-314E-4FCA-BA56-74D5219E1C99
Change Managed Component Library Link : Designator=R22_Buck8 Old VaultGUID= New VaultGUID=B7D15EC3-160A-466F-A46C-7801FE6295A7 Old ItemGUID= New ItemGUID=D575BEE0-85F0-4A78-B58E-45691C16A09F Old RevisionGUID= New RevisionGUID=E5FB6D5A-314E-4FCA-BA56-74D5219E1C99
Change component parameters: Designator = "C19_Buck1" ("C19"); Footprint = "FP-C3216-160-0_2-IPC_B"; UniqueID = "\1JHBXNWNF\VWNLTXOZ" ("\1JHBXNWNF\VWNLTXOZ")
Change component parameters: Designator = "C19_Buck2" ("C19"); Footprint = "FP-C3216-160-0_2-IPC_B"; UniqueID = "\2JHBXNWNF\VWNLTXOZ" ("\2JHBXNWNF\VWNLTXOZ")
Change component parameters: Designator = "C19_Buck3" ("C19"); Footprint = "FP-C3216-160-0_2-IPC_B"; UniqueID = "\3JHBXNWNF\VWNLTXOZ" ("\3JHBXNWNF\VWNLTXOZ")
Change component parameters: Designator = "C19_Buck4" ("C19"); Footprint = "FP-C3216-160-0_2-IPC_B"; UniqueID = "\4JHBXNWNF\VWNLTXOZ" ("\4JHBXNWNF\VWNLTXOZ")
Change component parameters: Designator = "C19_Buck5" ("C19"); Footprint = "FP-C3216-160-0_2-IPC_B"; UniqueID = "\5JHBXNWNF\VWNLTXOZ" ("\5JHBXNWNF\VWNLTXOZ")
Change component parameters: Designator = "C19_Buck6" ("C19"); Footprint = "FP-C3216-160-0_2-IPC_B"; UniqueID = "\6JHBXNWNF\VWNLTXOZ" ("\6JHBXNWNF\VWNLTXOZ")
Change component parameters: Designator = "C19_Buck7" ("C19"); Footprint = "FP-C3216-160-0_2-IPC_B"; UniqueID = "\7JHBXNWNF\VWNLTXOZ" ("\7JHBXNWNF\VWNLTXOZ")
Change component parameters: Designator = "C19_Buck8" ("C19"); Footprint = "FP-C3216-160-0_2-IPC_B"; UniqueID = "\8JHBXNWNF\VWNLTXOZ" ("\8JHBXNWNF\VWNLTXOZ")
Change component parameters: Designator = "R22_Buck1" ("R22"); Footprint = "RES_ERJ6ENF1002V"; UniqueID = "\1JHBXNWNF\EUKCKRDF" ("\1JHBXNWNF\EUKCKRDF")
Change component parameters (AddParameter): Name = "Ambient Temperature Range High"; Value = "+70°C"; VariantName = "[No Variations]"
Change component parameters (AddParameter): Name = "Automotive"; Value = "No"; VariantName = "[No Variations]"
Change component parameters (AddParameter): Name = "Category"; Value = "Res"; VariantName = "[No Variations]"
Change component parameters (AddParameter): Name = "ComponentLink2Description"; Value = "Datasheet"; VariantName = "[No Variations]"
Change component parameters (AddParameter): Name = "ComponentLink2URL"; Value = "https://www.mouser.com/datasheet/2/418/NG_DS_9-1773463-9_A-1358566.pdf"; VariantName = "[No Variations]"
Change component parameters (AddParameter): Name = "Composition"; Value = "Thick Film"; VariantName = "[No Variations]"
Change component parameters (AddParameter): Name = "Device Class L1"; Value = "Passive Components"; VariantName = "[No Variations]"
Change component parameters (AddParameter): Name = "Device Class L2"; Value = "Resistors"; VariantName = "[No Variations]"
Change component parameters (AddParameter): Name = "Device Class L3"; Value = "Chip SMD Resistors"; VariantName = "[No Variations]"
Change component parameters (AddParameter): Name = "Height"; Value = "0.65mm"; VariantName = "[No Variations]"
Change component parameters (AddParameter): Name = "Ipc Land Pattern Name"; Value = "RESC310155X55"; VariantName = "[No Variations]"
Change component parameters (AddParameter): Name = "Lead Free"; Value = "Yes"; VariantName = "[No Variations]"
Change component parameters (AddParameter): Name = "Manufacturer"; Value = "TE"; VariantName = "[No Variations]"
Change component parameters (AddParameter): Name = "Manufacturer Part Number"; Value = "CRGP1206F18R"; VariantName = "[No Variations]"
Change component parameters (AddParameter): Name = "Octopart"; Value = "https://octopart.com/crgp1206f18r-te+connectivity-91018856"; VariantName = "[No Variations]"
Change component parameters (AddParameter): Name = "Package"; Value = "CRGP1206"; VariantName = "[No Variations]"
Change component parameters (AddParameter): Name = "Power Rating"; Value = "0.5W"; VariantName = "[No Variations]"
Change component parameters (AddParameter): Name = "Resistance"; Value = "18?"; VariantName = "[No Variations]"
Change component parameters (AddParameter): Name = "RoHS"; Value = "TRUE"; VariantName = "[No Variations]"
Change component parameters (AddParameter): Name = "Series"; Value = "CRGP"; VariantName = "[No Variations]"
Change component parameters (AddParameter): Name = "Temperature"; Value = "-55°C to +155°C"; VariantName = "[No Variations]"
Change component parameters (AddParameter): Name = "Temperature Coefficient"; Value = "±100ppm/°C"; VariantName = "[No Variations]"
Change component parameters (AddParameter): Name = "Temperature Range High"; Value = "+155°C"; VariantName = "[No Variations]"
Change component parameters (AddParameter): Name = "Temperature Range Low"; Value = "-55°C"; VariantName = "[No Variations]"
Change component parameters (AddParameter): Name = "Tolerance"; Value = "0.01"; VariantName = "[No Variations]"
Change component parameters (AddParameter): Name = "Value"; Value = "18?"; VariantName = "[No Variations]"
Change component parameters (AddParameter): Name = "Voltage Rating"; Value = "200V"; VariantName = "[No Variations]"
Change component parameters: Designator = "R22_Buck2" ("R22"); Footprint = "RES_ERJ6ENF1002V"; UniqueID = "\2JHBXNWNF\EUKCKRDF" ("\2JHBXNWNF\EUKCKRDF")
Change component parameters (AddParameter): Name = "Ambient Temperature Range High"; Value = "+70°C"; VariantName = "[No Variations]"
Change component parameters (AddParameter): Name = "Automotive"; Value = "No"; VariantName = "[No Variations]"
Change component parameters (AddParameter): Name = "Category"; Value = "Res"; VariantName = "[No Variations]"
Change component parameters (AddParameter): Name = "ComponentLink2Description"; Value = "Datasheet"; VariantName = "[No Variations]"
Change component parameters (AddParameter): Name = "ComponentLink2URL"; Value = "https://www.mouser.com/datasheet/2/418/NG_DS_9-1773463-9_A-1358566.pdf"; VariantName = "[No Variations]"
Change component parameters (AddParameter): Name = "Composition"; Value = "Thick Film"; VariantName = "[No Variations]"
Change component parameters (AddParameter): Name = "Device Class L1"; Value = "Passive Components"; VariantName = "[No Variations]"
Change component parameters (AddParameter): Name = "Device Class L2"; Value = "Resistors"; VariantName = "[No Variations]"
Change component parameters (AddParameter): Name = "Device Class L3"; Value = "Chip SMD Resistors"; VariantName = "[No Variations]"
Change component parameters (AddParameter): Name = "Height"; Value = "0.65mm"; VariantName = "[No Variations]"
Change component parameters (AddParameter): Name = "Ipc Land Pattern Name"; Value = "RESC310155X55"; VariantName = "[No Variations]"
Change component parameters (AddParameter): Name = "Lead Free"; Value = "Yes"; VariantName = "[No Variations]"
Change component parameters (AddParameter): Name = "Manufacturer"; Value = "TE"; VariantName = "[No Variations]"
Change component parameters (AddParameter): Name = "Manufacturer Part Number"; Value = "CRGP1206F18R"; VariantName = "[No Variations]"
Change component parameters (AddParameter): Name = "Octopart"; Value = "https://octopart.com/crgp1206f18r-te+connectivity-91018856"; VariantName = "[No Variations]"
Change component parameters (AddParameter): Name = "Package"; Value = "CRGP1206"; VariantName = "[No Variations]"
Change component parameters (AddParameter): Name = "Power Rating"; Value = "0.5W"; VariantName = "[No Variations]"
Change component parameters (AddParameter): Name = "Resistance"; Value = "18?"; VariantName = "[No Variations]"
Change component parameters (AddParameter): Name = "RoHS"; Value = "TRUE"; VariantName = "[No Variations]"
Change component parameters (AddParameter): Name = "Series"; Value = "CRGP"; VariantName = "[No Variations]"
Change component parameters (AddParameter): Name = "Temperature"; Value = "-55°C to +155°C"; VariantName = "[No Variations]"
Change component parameters (AddParameter): Name = "Temperature Coefficient"; Value = "±100ppm/°C"; VariantName = "[No Variations]"
Change component parameters (AddParameter): Name = "Temperature Range High"; Value = "+155°C"; VariantName = "[No Variations]"
Change component parameters (AddParameter): Name = "Temperature Range Low"; Value = "-55°C"; VariantName = "[No Variations]"
Change component parameters (AddParameter): Name = "Tolerance"; Value = "0.01"; VariantName = "[No Variations]"
Change component parameters (AddParameter): Name = "Value"; Value = "18?"; VariantName = "[No Variations]"
Change component parameters (AddParameter): Name = "Voltage Rating"; Value = "200V"; VariantName = "[No Variations]"
Change component parameters: Designator = "R22_Buck3" ("R22"); Footprint = "RES_ERJ6ENF1002V"; UniqueID = "\3JHBXNWNF\EUKCKRDF" ("\3JHBXNWNF\EUKCKRDF")
Change component parameters (AddParameter): Name = "Ambient Temperature Range High"; Value = "+70°C"; VariantName = "[No Variations]"
Change component parameters (AddParameter): Name = "Automotive"; Value = "No"; VariantName = "[No Variations]"
Change component parameters (AddParameter): Name = "Category"; Value = "Res"; VariantName = "[No Variations]"
Change component parameters (AddParameter): Name = "ComponentLink2Description"; Value = "Datasheet"; VariantName = "[No Variations]"
Change component parameters (AddParameter): Name = "ComponentLink2URL"; Value = "https://www.mouser.com/datasheet/2/418/NG_DS_9-1773463-9_A-1358566.pdf"; VariantName = "[No Variations]"
Change component parameters (AddParameter): Name = "Composition"; Value = "Thick Film"; VariantName = "[No Variations]"
Change component parameters (AddParameter): Name = "Device Class L1"; Value = "Passive Components"; VariantName = "[No Variations]"
Change component parameters (AddParameter): Name = "Device Class L2"; Value = "Resistors"; VariantName = "[No Variations]"
Change component parameters (AddParameter): Name = "Device Class L3"; Value = "Chip SMD Resistors"; VariantName = "[No Variations]"
Change component parameters (AddParameter): Name = "Height"; Value = "0.65mm"; VariantName = "[No Variations]"
Change component parameters (AddParameter): Name = "Ipc Land Pattern Name"; Value = "RESC310155X55"; VariantName = "[No Variations]"
Change component parameters (AddParameter): Name = "Lead Free"; Value = "Yes"; VariantName = "[No Variations]"
Change component parameters (AddParameter): Name = "Manufacturer"; Value = "TE"; VariantName = "[No Variations]"
Change component parameters (AddParameter): Name = "Manufacturer Part Number"; Value = "CRGP1206F18R"; VariantName = "[No Variations]"
Change component parameters (AddParameter): Name = "Octopart"; Value = "https://octopart.com/crgp1206f18r-te+connectivity-91018856"; VariantName = "[No Variations]"
Change component parameters (AddParameter): Name = "Package"; Value = "CRGP1206"; VariantName = "[No Variations]"
Change component parameters (AddParameter): Name = "Power Rating"; Value = "0.5W"; VariantName = "[No Variations]"
Change component parameters (AddParameter): Name = "Resistance"; Value = "18?"; VariantName = "[No Variations]"
Change component parameters (AddParameter): Name = "RoHS"; Value = "TRUE"; VariantName = "[No Variations]"
Change component parameters (AddParameter): Name = "Series"; Value = "CRGP"; VariantName = "[No Variations]"
Change component parameters (AddParameter): Name = "Temperature"; Value = "-55°C to +155°C"; VariantName = "[No Variations]"
Change component parameters (AddParameter): Name = "Temperature Coefficient"; Value = "±100ppm/°C"; VariantName = "[No Variations]"
Change component parameters (AddParameter): Name = "Temperature Range High"; Value = "+155°C"; VariantName = "[No Variations]"
Change component parameters (AddParameter): Name = "Temperature Range Low"; Value = "-55°C"; VariantName = "[No Variations]"
Change component parameters (AddParameter): Name = "Tolerance"; Value = "0.01"; VariantName = "[No Variations]"
Change component parameters (AddParameter): Name = "Value"; Value = "18?"; VariantName = "[No Variations]"
Change component parameters (AddParameter): Name = "Voltage Rating"; Value = "200V"; VariantName = "[No Variations]"
Change component parameters: Designator = "R22_Buck4" ("R22"); Footprint = "RES_ERJ6ENF1002V"; UniqueID = "\4JHBXNWNF\EUKCKRDF" ("\4JHBXNWNF\EUKCKRDF")
Change component parameters (AddParameter): Name = "Ambient Temperature Range High"; Value = "+70°C"; VariantName = "[No Variations]"
Change component parameters (AddParameter): Name = "Automotive"; Value = "No"; VariantName = "[No Variations]"
Change component parameters (AddParameter): Name = "Category"; Value = "Res"; VariantName = "[No Variations]"
Change component parameters (AddParameter): Name = "ComponentLink2Description"; Value = "Datasheet"; VariantName = "[No Variations]"
Change component parameters (AddParameter): Name = "ComponentLink2URL"; Value = "https://www.mouser.com/datasheet/2/418/NG_DS_9-1773463-9_A-1358566.pdf"; VariantName = "[No Variations]"
Change component parameters (AddParameter): Name = "Composition"; Value = "Thick Film"; VariantName = "[No Variations]"
Change component parameters (AddParameter): Name = "Device Class L1"; Value = "Passive Components"; VariantName = "[No Variations]"
Change component parameters (AddParameter): Name = "Device Class L2"; Value = "Resistors"; VariantName = "[No Variations]"
Change component parameters (AddParameter): Name = "Device Class L3"; Value = "Chip SMD Resistors"; VariantName = "[No Variations]"
Change component parameters (AddParameter): Name = "Height"; Value = "0.65mm"; VariantName = "[No Variations]"
Change component parameters (AddParameter): Name = "Ipc Land Pattern Name"; Value = "RESC310155X55"; VariantName = "[No Variations]"
Change component parameters (AddParameter): Name = "Lead Free"; Value = "Yes"; VariantName = "[No Variations]"
Change component parameters (AddParameter): Name = "Manufacturer"; Value = "TE"; VariantName = "[No Variations]"
Change component parameters (AddParameter): Name = "Manufacturer Part Number"; Value = "CRGP1206F18R"; VariantName = "[No Variations]"
Change component parameters (AddParameter): Name = "Octopart"; Value = "https://octopart.com/crgp1206f18r-te+connectivity-91018856"; VariantName = "[No Variations]"
Change component parameters (AddParameter): Name = "Package"; Value = "CRGP1206"; VariantName = "[No Variations]"
Change component parameters (AddParameter): Name = "Power Rating"; Value = "0.5W"; VariantName = "[No Variations]"
Change component parameters (AddParameter): Name = "Resistance"; Value = "18?"; VariantName = "[No Variations]"
Change component parameters (AddParameter): Name = "RoHS"; Value = "TRUE"; VariantName = "[No Variations]"
Change component parameters (AddParameter): Name = "Series"; Value = "CRGP"; VariantName = "[No Variations]"
Change component parameters (AddParameter): Name = "Temperature"; Value = "-55°C to +155°C"; VariantName = "[No Variations]"
Change component parameters (AddParameter): Name = "Temperature Coefficient"; Value = "±100ppm/°C"; VariantName = "[No Variations]"
Change component parameters (AddParameter): Name = "Temperature Range High"; Value = "+155°C"; VariantName = "[No Variations]"
Change component parameters (AddParameter): Name = "Temperature Range Low"; Value = "-55°C"; VariantName = "[No Variations]"
Change component parameters (AddParameter): Name = "Tolerance"; Value = "0.01"; VariantName = "[No Variations]"
Change component parameters (AddParameter): Name = "Value"; Value = "18?"; VariantName = "[No Variations]"
Change component parameters (AddParameter): Name = "Voltage Rating"; Value = "200V"; VariantName = "[No Variations]"
Change component parameters: Designator = "R22_Buck5" ("R22"); Footprint = "RES_ERJ6ENF1002V"; UniqueID = "\5JHBXNWNF\EUKCKRDF" ("\5JHBXNWNF\EUKCKRDF")
Change component parameters (AddParameter): Name = "Ambient Temperature Range High"; Value = "+70°C"; VariantName = "[No Variations]"
Change component parameters (AddParameter): Name = "Automotive"; Value = "No"; VariantName = "[No Variations]"
Change component parameters (AddParameter): Name = "Category"; Value = "Res"; VariantName = "[No Variations]"
Change component parameters (AddParameter): Name = "ComponentLink2Description"; Value = "Datasheet"; VariantName = "[No Variations]"
Change component parameters (AddParameter): Name = "ComponentLink2URL"; Value = "https://www.mouser.com/datasheet/2/418/NG_DS_9-1773463-9_A-1358566.pdf"; VariantName = "[No Variations]"
Change component parameters (AddParameter): Name = "Composition"; Value = "Thick Film"; VariantName = "[No Variations]"
Change component parameters (AddParameter): Name = "Device Class L1"; Value = "Passive Components"; VariantName = "[No Variations]"
Change component parameters (AddParameter): Name = "Device Class L2"; Value = "Resistors"; VariantName = "[No Variations]"
Change component parameters (AddParameter): Name = "Device Class L3"; Value = "Chip SMD Resistors"; VariantName = "[No Variations]"
Change component parameters (AddParameter): Name = "Height"; Value = "0.65mm"; VariantName = "[No Variations]"
Change component parameters (AddParameter): Name = "Ipc Land Pattern Name"; Value = "RESC310155X55"; VariantName = "[No Variations]"
Change component parameters (AddParameter): Name = "Lead Free"; Value = "Yes"; VariantName = "[No Variations]"
Change component parameters (AddParameter): Name = "Manufacturer"; Value = "TE"; VariantName = "[No Variations]"
Change component parameters (AddParameter): Name = "Manufacturer Part Number"; Value = "CRGP1206F18R"; VariantName = "[No Variations]"
Change component parameters (AddParameter): Name = "Octopart"; Value = "https://octopart.com/crgp1206f18r-te+connectivity-91018856"; VariantName = "[No Variations]"
Change component parameters (AddParameter): Name = "Package"; Value = "CRGP1206"; VariantName = "[No Variations]"
Change component parameters (AddParameter): Name = "Power Rating"; Value = "0.5W"; VariantName = "[No Variations]"
Change component parameters (AddParameter): Name = "Resistance"; Value = "18?"; VariantName = "[No Variations]"
Change component parameters (AddParameter): Name = "RoHS"; Value = "TRUE"; VariantName = "[No Variations]"
Change component parameters (AddParameter): Name = "Series"; Value = "CRGP"; VariantName = "[No Variations]"
Change component parameters (AddParameter): Name = "Temperature"; Value = "-55°C to +155°C"; VariantName = "[No Variations]"
Change component parameters (AddParameter): Name = "Temperature Coefficient"; Value = "±100ppm/°C"; VariantName = "[No Variations]"
Change component parameters (AddParameter): Name = "Temperature Range High"; Value = "+155°C"; VariantName = "[No Variations]"
Change component parameters (AddParameter): Name = "Temperature Range Low"; Value = "-55°C"; VariantName = "[No Variations]"
Change component parameters (AddParameter): Name = "Tolerance"; Value = "0.01"; VariantName = "[No Variations]"
Change component parameters (AddParameter): Name = "Value"; Value = "18?"; VariantName = "[No Variations]"
Change component parameters (AddParameter): Name = "Voltage Rating"; Value = "200V"; VariantName = "[No Variations]"
Change component parameters: Designator = "R22_Buck6" ("R22"); Footprint = "RES_ERJ6ENF1002V"; UniqueID = "\6JHBXNWNF\EUKCKRDF" ("\6JHBXNWNF\EUKCKRDF")
Change component parameters (AddParameter): Name = "Ambient Temperature Range High"; Value = "+70°C"; VariantName = "[No Variations]"
Change component parameters (AddParameter): Name = "Automotive"; Value = "No"; VariantName = "[No Variations]"
Change component parameters (AddParameter): Name = "Category"; Value = "Res"; VariantName = "[No Variations]"
Change component parameters (AddParameter): Name = "ComponentLink2Description"; Value = "Datasheet"; VariantName = "[No Variations]"
Change component parameters (AddParameter): Name = "ComponentLink2URL"; Value = "https://www.mouser.com/datasheet/2/418/NG_DS_9-1773463-9_A-1358566.pdf"; VariantName = "[No Variations]"
Change component parameters (AddParameter): Name = "Composition"; Value = "Thick Film"; VariantName = "[No Variations]"
Change component parameters (AddParameter): Name = "Device Class L1"; Value = "Passive Components"; VariantName = "[No Variations]"
Change component parameters (AddParameter): Name = "Device Class L2"; Value = "Resistors"; VariantName = "[No Variations]"
Change component parameters (AddParameter): Name = "Device Class L3"; Value = "Chip SMD Resistors"; VariantName = "[No Variations]"
Change component parameters (AddParameter): Name = "Height"; Value = "0.65mm"; VariantName = "[No Variations]"
Change component parameters (AddParameter): Name = "Ipc Land Pattern Name"; Value = "RESC310155X55"; VariantName = "[No Variations]"
Change component parameters (AddParameter): Name = "Lead Free"; Value = "Yes"; VariantName = "[No Variations]"
Change component parameters (AddParameter): Name = "Manufacturer"; Value = "TE"; VariantName = "[No Variations]"
Change component parameters (AddParameter): Name = "Manufacturer Part Number"; Value = "CRGP1206F18R"; VariantName = "[No Variations]"
Change component parameters (AddParameter): Name = "Octopart"; Value = "https://octopart.com/crgp1206f18r-te+connectivity-91018856"; VariantName = "[No Variations]"
Change component parameters (AddParameter): Name = "Package"; Value = "CRGP1206"; VariantName = "[No Variations]"
Change component parameters (AddParameter): Name = "Power Rating"; Value = "0.5W"; VariantName = "[No Variations]"
Change component parameters (AddParameter): Name = "Resistance"; Value = "18?"; VariantName = "[No Variations]"
Change component parameters (AddParameter): Name = "RoHS"; Value = "TRUE"; VariantName = "[No Variations]"
Change component parameters (AddParameter): Name = "Series"; Value = "CRGP"; VariantName = "[No Variations]"
Change component parameters (AddParameter): Name = "Temperature"; Value = "-55°C to +155°C"; VariantName = "[No Variations]"
Change component parameters (AddParameter): Name = "Temperature Coefficient"; Value = "±100ppm/°C"; VariantName = "[No Variations]"
Change component parameters (AddParameter): Name = "Temperature Range High"; Value = "+155°C"; VariantName = "[No Variations]"
Change component parameters (AddParameter): Name = "Temperature Range Low"; Value = "-55°C"; VariantName = "[No Variations]"
Change component parameters (AddParameter): Name = "Tolerance"; Value = "0.01"; VariantName = "[No Variations]"
Change component parameters (AddParameter): Name = "Value"; Value = "18?"; VariantName = "[No Variations]"
Change component parameters (AddParameter): Name = "Voltage Rating"; Value = "200V"; VariantName = "[No Variations]"
Change component parameters: Designator = "R22_Buck7" ("R22"); Footprint = "RES_ERJ6ENF1002V"; UniqueID = "\7JHBXNWNF\EUKCKRDF" ("\7JHBXNWNF\EUKCKRDF")
Change component parameters (AddParameter): Name = "Ambient Temperature Range High"; Value = "+70°C"; VariantName = "[No Variations]"
Change component parameters (AddParameter): Name = "Automotive"; Value = "No"; VariantName = "[No Variations]"
Change component parameters (AddParameter): Name = "Category"; Value = "Res"; VariantName = "[No Variations]"
Change component parameters (AddParameter): Name = "ComponentLink2Description"; Value = "Datasheet"; VariantName = "[No Variations]"
Change component parameters (AddParameter): Name = "ComponentLink2URL"; Value = "https://www.mouser.com/datasheet/2/418/NG_DS_9-1773463-9_A-1358566.pdf"; VariantName = "[No Variations]"
Change component parameters (AddParameter): Name = "Composition"; Value = "Thick Film"; VariantName = "[No Variations]"
Change component parameters (AddParameter): Name = "Device Class L1"; Value = "Passive Components"; VariantName = "[No Variations]"
Change component parameters (AddParameter): Name = "Device Class L2"; Value = "Resistors"; VariantName = "[No Variations]"
Change component parameters (AddParameter): Name = "Device Class L3"; Value = "Chip SMD Resistors"; VariantName = "[No Variations]"
Change component parameters (AddParameter): Name = "Height"; Value = "0.65mm"; VariantName = "[No Variations]"
Change component parameters (AddParameter): Name = "Ipc Land Pattern Name"; Value = "RESC310155X55"; VariantName = "[No Variations]"
Change component parameters (AddParameter): Name = "Lead Free"; Value = "Yes"; VariantName = "[No Variations]"
Change component parameters (AddParameter): Name = "Manufacturer"; Value = "TE"; VariantName = "[No Variations]"
Change component parameters (AddParameter): Name = "Manufacturer Part Number"; Value = "CRGP1206F18R"; VariantName = "[No Variations]"
Change component parameters (AddParameter): Name = "Octopart"; Value = "https://octopart.com/crgp1206f18r-te+connectivity-91018856"; VariantName = "[No Variations]"
Change component parameters (AddParameter): Name = "Package"; Value = "CRGP1206"; VariantName = "[No Variations]"
Change component parameters (AddParameter): Name = "Power Rating"; Value = "0.5W"; VariantName = "[No Variations]"
Change component parameters (AddParameter): Name = "Resistance"; Value = "18?"; VariantName = "[No Variations]"
Change component parameters (AddParameter): Name = "RoHS"; Value = "TRUE"; VariantName = "[No Variations]"
Change component parameters (AddParameter): Name = "Series"; Value = "CRGP"; VariantName = "[No Variations]"
Change component parameters (AddParameter): Name = "Temperature"; Value = "-55°C to +155°C"; VariantName = "[No Variations]"
Change component parameters (AddParameter): Name = "Temperature Coefficient"; Value = "±100ppm/°C"; VariantName = "[No Variations]"
Change component parameters (AddParameter): Name = "Temperature Range High"; Value = "+155°C"; VariantName = "[No Variations]"
Change component parameters (AddParameter): Name = "Temperature Range Low"; Value = "-55°C"; VariantName = "[No Variations]"
Change component parameters (AddParameter): Name = "Tolerance"; Value = "0.01"; VariantName = "[No Variations]"
Change component parameters (AddParameter): Name = "Value"; Value = "18?"; VariantName = "[No Variations]"
Change component parameters (AddParameter): Name = "Voltage Rating"; Value = "200V"; VariantName = "[No Variations]"
Change component parameters: Designator = "R22_Buck8" ("R22"); Footprint = "RES_ERJ6ENF1002V"; UniqueID = "\8JHBXNWNF\EUKCKRDF" ("\8JHBXNWNF\EUKCKRDF")
Change component parameters (AddParameter): Name = "Ambient Temperature Range High"; Value = "+70°C"; VariantName = "[No Variations]"
Change component parameters (AddParameter): Name = "Automotive"; Value = "No"; VariantName = "[No Variations]"
Change component parameters (AddParameter): Name = "Category"; Value = "Res"; VariantName = "[No Variations]"
Change component parameters (AddParameter): Name = "ComponentLink2Description"; Value = "Datasheet"; VariantName = "[No Variations]"
Change component parameters (AddParameter): Name = "ComponentLink2URL"; Value = "https://www.mouser.com/datasheet/2/418/NG_DS_9-1773463-9_A-1358566.pdf"; VariantName = "[No Variations]"
Change component parameters (AddParameter): Name = "Composition"; Value = "Thick Film"; VariantName = "[No Variations]"
Change component parameters (AddParameter): Name = "Device Class L1"; Value = "Passive Components"; VariantName = "[No Variations]"
Change component parameters (AddParameter): Name = "Device Class L2"; Value = "Resistors"; VariantName = "[No Variations]"
Change component parameters (AddParameter): Name = "Device Class L3"; Value = "Chip SMD Resistors"; VariantName = "[No Variations]"
Change component parameters (AddParameter): Name = "Height"; Value = "0.65mm"; VariantName = "[No Variations]"
Change component parameters (AddParameter): Name = "Ipc Land Pattern Name"; Value = "RESC310155X55"; VariantName = "[No Variations]"
Change component parameters (AddParameter): Name = "Lead Free"; Value = "Yes"; VariantName = "[No Variations]"
Change component parameters (AddParameter): Name = "Manufacturer"; Value = "TE"; VariantName = "[No Variations]"
Change component parameters (AddParameter): Name = "Manufacturer Part Number"; Value = "CRGP1206F18R"; VariantName = "[No Variations]"
Change component parameters (AddParameter): Name = "Octopart"; Value = "https://octopart.com/crgp1206f18r-te+connectivity-91018856"; VariantName = "[No Variations]"
Change component parameters (AddParameter): Name = "Package"; Value = "CRGP1206"; VariantName = "[No Variations]"
Change component parameters (AddParameter): Name = "Power Rating"; Value = "0.5W"; VariantName = "[No Variations]"
Change component parameters (AddParameter): Name = "Resistance"; Value = "18?"; VariantName = "[No Variations]"
Change component parameters (AddParameter): Name = "RoHS"; Value = "TRUE"; VariantName = "[No Variations]"
Change component parameters (AddParameter): Name = "Series"; Value = "CRGP"; VariantName = "[No Variations]"
Change component parameters (AddParameter): Name = "Temperature"; Value = "-55°C to +155°C"; VariantName = "[No Variations]"
Change component parameters (AddParameter): Name = "Temperature Coefficient"; Value = "±100ppm/°C"; VariantName = "[No Variations]"
Change component parameters (AddParameter): Name = "Temperature Range High"; Value = "+155°C"; VariantName = "[No Variations]"
Change component parameters (AddParameter): Name = "Temperature Range Low"; Value = "-55°C"; VariantName = "[No Variations]"
Change component parameters (AddParameter): Name = "Tolerance"; Value = "0.01"; VariantName = "[No Variations]"
Change component parameters (AddParameter): Name = "Value"; Value = "18?"; VariantName = "[No Variations]"
Change component parameters (AddParameter): Name = "Voltage Rating"; Value = "200V"; VariantName = "[No Variations]"
Added Pin To Net: NetName=NetQ3_Buck1_4 Pin=R22_Buck1-1
Added Pin To Net: NetName=NetQ3_Buck2_4 Pin=R22_Buck2-1
Added Pin To Net: NetName=NetQ3_Buck3_4 Pin=R22_Buck3-1
Added Pin To Net: NetName=NetQ3_Buck4_4 Pin=R22_Buck4-1
Added Pin To Net: NetName=NetQ3_Buck5_4 Pin=R22_Buck5-1
Added Pin To Net: NetName=NetQ3_Buck6_4 Pin=R22_Buck6-1
Added Pin To Net: NetName=NetQ3_Buck7_4 Pin=R22_Buck7-1
Added Pin To Net: NetName=NetQ3_Buck8_4 Pin=R22_Buck8-1
Add Net: Net with name "GND" already exists
